#
# A fatal error has been detected by the Java Runtime Environment:
#
#  EXCEPTION_ACCESS_VIOLATION (0xc0000005) at pc=0x00007ffcd3ce85e6, pid=15052, tid=13596
#
# JRE version: Java(TM) SE Runtime Environment (25.0.1+8) (build 25.0.1+8-LTS-27)
# Java VM: Java HotSpot(TM) 64-Bit Server VM (25.0.1+8-LTS-27, mixed mode, sharing, tiered, compressed oops, compressed class ptrs, g1 gc, windows-amd64)
# Problematic frame:
# C  [nvoglv64.dll+0x15b85e6]
#
# No core dump will be written. Minidumps are not enabled by default on client versions of Windows
#
# If you would like to submit a bug report, please visit:
#   https://bugreport.java.com/bugreport/crash.jsp
# The crash happened outside the Java Virtual Machine in native code.
# See problematic frame for where to report the bug.
#

---------------  S U M M A R Y ------------

Command Line: -javaagent:C:\Program Files\JetBrains\IntelliJ IDEA 2025.3\lib\idea_rt.jar=62552 -Dfile.encoding=UTF-8 -Dsun.stdout.encoding=UTF-8 -Dsun.stderr.encoding=UTF-8 Main

Host: AMD Ryzen 7 5700G with Radeon Graphics         , 16 cores, 31G,  Windows 11 , 64 bit Build 26100 (10.0.26100.7920)
Time: Thu Mar 12 18:37:38 2026 Central Daylight Time elapsed time: 0.770225 seconds (0d 0h 0m 0s)

---------------  T H R E A D  ---------------

Current thread (0x00000167a40f62d0):  JavaThread "main"             [_thread_in_native, id=13596, stack(0x000000097e700000,0x000000097e800000) (1024K)]

Stack: [0x000000097e700000,0x000000097e800000],  sp=0x000000097e7fef58,  free space=1019k
Native frames: (J=compiled Java code, j=interpreted, Vv=VM code, C=native code)
C  [nvoglv64.dll+0x15b85e6]  (no source info available)
C  [nvoglv64.dll+0x5a1a2d]  (no source info available)
C  0x00000167b3dcd193  (no source info available)

The last pc belongs to native method entry point (kind = native) (printed below).
Java frames: (J=compiled Java code, j=interpreted, Vv=VM code)
j  org.lwjgl.opengl.GL11C.nglDrawElements(IIIJ)V+0
j  org.lwjgl.opengl.GL11C.glDrawElements(IIIJ)V+4
j  org.lwjgl.opengl.GL11.glDrawElements(IIIJ)V+4
j  Main.render()V+66
j  Main.gameLoop()V+8
j  Main.startGame()V+5
j  Main.main([Ljava/lang/String;)V+7
v  ~StubRoutines::call_stub 0x00000167b3dc12ed

siginfo: EXCEPTION_ACCESS_VIOLATION (0xc0000005), reading address 0x0000000000000000


Registers:
RAX=0x00000167ced45450, RBX=0x00000167ced45434, RCX=0x00000167ced45450, RDX=0x0000000000000000
RSP=0x000000097e7fef58, RBP=0x0000000000000044, RSI=0x0000000000000006, RDI=0x000001681024a080
R8 =0x0000000000000018, R9 =0x0000000000000000, R10=0x00007ffcd2730000, R11=0x0000000000000006
R12=0x0000000000000004, R13=0x0000000000001405, R14=0x0000000000000018, R15=0x0000000000000000
RIP=0x00007ffcd3ce85e6, EFLAGS=0x0000000000010283

XMM[0]=0x4928244489f0468b 0x41f84e8b45068b45
XMM[1]=0x4928244489f0468b 0x41f84e8b45068b45
XMM[2]=0x0000000000000000 0x0000000000000000
XMM[3]=0x0000000000000000 0x0000000000000000
XMM[4]=0x0000000000000000 0x0000000000000000
XMM[5]=0xe0468b4928244489 0xf0468b41f84e8b45
XMM[6]=0x0000000000000000 0x459176a550a84614
XMM[7]=0x0000000000000000 0xb76c25747845117f
XMM[8]=0x0000000000000000 0x0b3c73a1e1caaeca
XMM[9]=0x0000000000000000 0x483b58ad081b993f
XMM[10]=0x0000000000000000 0x00000000bfe04092
XMM[11]=0x0000000000000000 0xae5eba6db67a53ac
XMM[12]=0x0000000000000000 0x00000000081b993f
XMM[13]=0x0000000000000000 0x0000000000000000
XMM[14]=0x0000000000000000 0x0000000000000000
XMM[15]=0x0000000000000000 0x0000000000000000
  MXCSR=0x00001fa0


Register to memory mapping:

RAX=0x00000167ced45450 points into unknown readable memory: 0x0000000000000000 | 00 00 00 00 00 00 00 00
RBX=0x00000167ced45434 points into unknown readable memory: 06 20 02 00
RCX=0x00000167ced45450 points into unknown readable memory: 0x0000000000000000 | 00 00 00 00 00 00 00 00
RDX=0x0 is null
RSP=0x000000097e7fef58 is pointing into the stack for thread: 0x00000167a40f62d0
RBP=0x0000000000000044 is an unknown value
RSI=0x0000000000000006 is an unknown value
RDI=0x000001681024a080 points into unknown readable memory: 0x0000000000000000 | 00 00 00 00 00 00 00 00
R8 =0x0000000000000018 is an unknown value
R9 =0x0 is null
R10=0x00007ffcd2730000 nvoglv64.dll
R11=0x0000000000000006 is an unknown value
R12=0x0000000000000004 is an unknown value
R13=0x0000000000001405 is an unknown value
R14=0x0000000000000018 is an unknown value
R15=0x0 is null

Top of Stack: (sp=0x000000097e7fef58)
0x000000097e7fef58:   00007ffcd2cd1a2d 000000097e7ff078   -.......x..~....
0x000000097e7fef68:   00007ffcde3248e5 000000097e7fef90   .H2........~....
0x000000097e7fef78:   00000167b3de5b3f 000000000017555d   ?[..g...]U......
0x000000097e7fef88:   00000167a40f62d0 00000167ca780c48   .b..g...H.x.g...
0x000000097e7fef98:   00000167a40f62d0 00000167b3dc8b18   .b..g.......g...
0x000000097e7fefa8:   00000167b3dccff6 00000167a40f62d0   ....g....b..g...
0x000000097e7fefb8:   00000167ca780c48 0000000000000000   H.x.g...........
0x000000097e7fefc8:   00000167b3dc8b18 00000167ca34d778   ....g...x.4.g...
0x000000097e7fefd8:   00000167b3dcd193 000000097e7ff078   ....g...x..~....
0x000000097e7fefe8:   00007ffcde601800 000000097e7ff0b8   ..`........~....
0x000000097e7feff8:   00000167ca780c48 0000000000001405   H.x.g...........
0x000000097e7ff008:   0000000000000000 00000167ca34d778   ........x.4.g...
0x000000097e7ff018:   00007ffcde5fa975 3ff0000000000000   u._............?
0x000000097e7ff028:   00000167b3dcce6b fffffffffffffff7   k...g...........
0x000000097e7ff038:   00000167ca780c48 0000000000000008   H.x.g...........
0x000000097e7ff048:   00000167ca78caa0 0000000000000000   ..x.g...........
0x000000097e7ff058:   000000061f95ca30 00000167ca780c48   0.......H.x.g...
0x000000097e7ff068:   0000000000000000 000000097e7ff098   ...........~....
0x000000097e7ff078:   000000097e7ff108 00000167b3dc8b18   ...~........g...
0x000000097e7ff088:   000000061f95ca30 00000167b3dca757   0.......W...g...
0x000000097e7ff098:   0000000000000000 0000000000000000   ................
0x000000097e7ff0a8:   0000000000001405 0000000000000006   ................
0x000000097e7ff0b8:   0000000000000004 fffffffffffffff7   ................
0x000000097e7ff0c8:   00000167ca780cec 0000000000000006   ..x.g...........
0x000000097e7ff0d8:   00000167ca78caa0 0000000000000000   ..x.g...........
0x000000097e7ff0e8:   000000061f95ca30 00000167ca780d30   0.......0.x.g...
0x000000097e7ff0f8:   fffffffffffffff2 000000097e7ff118   ...........~....
0x000000097e7ff108:   000000097e7ff188 00000167b3dc8b18   ...~........g...
0x000000097e7ff118:   0000000000000000 0000000000000000   ................
0x000000097e7ff128:   0000000000001405 0000000000000006   ................
0x000000097e7ff138:   0000000000000004 fffffffffffffff7   ................
0x000000097e7ff148:   00000167ca752bec 0000000000000006   .+u.g...........

Instructions: (pc=0x00007ffcd3ce85e6)
  0x00007ffcd3ce84e6:   86 02 4d 03 ca 41 ff e1 c3 90 4c 8b 02 8b 4a 08
  0x00007ffcd3ce84f6:   44 0f b7 4a 0c 44 0f b6 52 0e 4c 89 00 89 48 08
  0x00007ffcd3ce8506:   66 44 89 48 0c 44 88 50 0e c3 4c 8b 02 0f b7 4a
  0x00007ffcd3ce8516:   08 44 0f b6 4a 0a 4c 89 00 66 89 48 08 44 88 48
  0x00007ffcd3ce8526:   0a c3 0f b7 0a 66 89 08 c3 90 8b 0a 44 0f b7 42
  0x00007ffcd3ce8536:   04 44 0f b6 4a 06 89 08 66 44 89 40 04 44 88 48
  0x00007ffcd3ce8546:   06 c3 4c 8b 02 8b 4a 08 44 0f b7 4a 0c 4c 89 00
  0x00007ffcd3ce8556:   89 48 08 66 44 89 48 0c c3 0f b7 0a 44 0f b6 42
  0x00007ffcd3ce8566:   02 66 89 08 44 88 40 02 c3 90 4c 8b 02 8b 4a 08
  0x00007ffcd3ce8576:   44 0f b6 4a 0c 4c 89 00 89 48 08 44 88 48 0c c3
  0x00007ffcd3ce8586:   4c 8b 02 0f b7 4a 08 4c 89 00 66 89 48 08 c3 4c
  0x00007ffcd3ce8596:   8b 02 0f b6 4a 08 4c 89 00 88 48 08 c3 4c 8b 02
  0x00007ffcd3ce85a6:   8b 4a 08 4c 89 00 89 48 08 c3 8b 0a 44 0f b7 42
  0x00007ffcd3ce85b6:   04 89 08 66 44 89 40 04 c3 8b 0a 44 0f b6 42 04
  0x00007ffcd3ce85c6:   89 08 44 88 40 04 c3 48 8b 0a 48 89 08 c3 0f b6
  0x00007ffcd3ce85d6:   0a 88 08 c3 8b 0a 89 08 c3 90 49 83 f8 20 77 17
=>0x00007ffcd3ce85e6:   f3 0f 6f 0a f3 42 0f 6f 54 02 f0 f3 0f 7f 09 f3
  0x00007ffcd3ce85f6:   42 0f 7f 54 01 f0 c3 4e 8d 0c 02 48 3b ca 4c 0f
  0x00007ffcd3ce8606:   46 c9 49 3b c9 0f 82 3f 04 00 00 83 3d 58 aa 4e
  0x00007ffcd3ce8616:   01 03 0f 82 e2 02 00 00 49 81 f8 00 20 00 00 76
  0x00007ffcd3ce8626:   16 49 81 f8 00 00 18 00 77 0d f6 05 01 15 5a 01
  0x00007ffcd3ce8636:   02 0f 85 73 fe ff ff c5 fe 6f 02 c4 a1 7e 6f 6c
  0x00007ffcd3ce8646:   02 e0 49 81 f8 00 01 00 00 0f 86 c3 00 00 00 4c
  0x00007ffcd3ce8656:   8b c9 49 83 e1 1f 49 83 e9 20 49 2b c9 49 2b d1
  0x00007ffcd3ce8666:   4d 03 c1 49 81 f8 00 01 00 00 0f 86 a2 00 00 00
  0x00007ffcd3ce8676:   49 81 f8 00 00 18 00 0f 87 3d 01 00 00 66 66 66
  0x00007ffcd3ce8686:   66 66 0f 1f 84 00 00 00 00 00 c5 fe 6f 0a c5 fe
  0x00007ffcd3ce8696:   6f 52 20 c5 fe 6f 5a 40 c5 fe 6f 62 60 c5 fd 7f
  0x00007ffcd3ce86a6:   09 c5 fd 7f 51 20 c5 fd 7f 59 40 c5 fd 7f 61 60
  0x00007ffcd3ce86b6:   c5 fe 6f 8a 80 00 00 00 c5 fe 6f 92 a0 00 00 00
  0x00007ffcd3ce86c6:   c5 fe 6f 9a c0 00 00 00 c5 fe 6f a2 e0 00 00 00
  0x00007ffcd3ce86d6:   c5 fd 7f 89 80 00 00 00 c5 fd 7f 91 a0 00 00 00


Stack slot to memory mapping:

stack at sp + 0 slots: 0x00007ffcd2cd1a2d nvoglv64.dll
stack at sp + 1 slots: 0x000000097e7ff078 is pointing into the stack for thread: 0x00000167a40f62d0
stack at sp + 2 slots: 0x00007ffcde3248e5 jvm.dll
stack at sp + 3 slots: 0x000000097e7fef90 is pointing into the stack for thread: 0x00000167a40f62d0
stack at sp + 4 slots: 0x00000167b3de5b3f is at code_begin+4191 in 
[CodeBlob kind:2 (0x00000167b3de4a88)]
Framesize: 0
BufferBlob (0x00000167b3de4a88) used for native signature handlers
stack at sp + 5 slots: 0x000000000017555d is an unknown value
stack at sp + 6 slots: 0x00000167a40f62d0 is a thread
stack at sp + 7 slots: {method} {0x00000167ca780c50} 'nglDrawElements' '(IIIJ)V' in 'org/lwjgl/opengl/GL11C'

Lock stack of current Java thread (top to bottom):

native method entry point (kind = native)  [0x00000167b3dccdc0, 0x00000167b3dcd8b8]  2808 bytes
[MachCode]
  0x00000167b3dccdc0: 488b 4b08 | 0fb7 492e | 584c 8d74 | ccf8 6800 | 0000 0068 | 0000 0000 | 5055 488b | ec41 5548 
  0x00000167b3dccde0: 8b43 084c | 8d68 3848 | 8b40 0868 | 0000 0000 | 5348 8b50 | 1848 8b52 | 7048 8b12 | 5248 8b53 
  0x00000167b3dcce00: 1048 85d2 | 7407 4881 | c2d0 0000 | 0052 488b | 5010 5249 | 8bc6 482b | c548 c1e8 | 0350 6800 
  0x00000167b3dcce20: 0000 0068 | f7ff ffff | 41c6 87f1 | 0400 0001 | 488b 4310 | 4885 c074 | 208b 8890 | 0000 0083 
  0x00000167b3dcce40: c102 8988 | 9000 0000 | 2388 a400 | 0000 0f84 | b209 0000 | e9cf 0000 | 0048 8b43 | 1848 85c0 
  0x00000167b3dcce60: 0f85 b000 | 0000 e805 | 0000 00e9 | 9900 0000 | 488b d348 | 8d44 2408 | 4c89 6dc0 | 498b cfc5 
  0x00000167b3dcce80: f877 4989 | af38 0400 | 0049 8987 | 2804 0000 | 4883 ec20 | 40f6 c40f | 0f84 1900 | 0000 4883 
  0x00000167b3dccea0: ec08 48b8 | 401f 32de | fc7f 0000 | ffd0 4883 | c408 e90c | 0000 0048 | b840 1f32 | defc 7f00 
  0x00000167b3dccec0: 00ff d048 | 83c4 2049 | c787 2804 | 0000 0000 | 0000 49c7 | 8738 0400 | 0000 0000 | 0049 c787 
  0x00000167b3dccee0: 3004 0000 | 0000 0000 | c5f8 7749 | 837f 0800 | 0f84 0500 | 0000 e9e5 | 42ff ff4c | 8b6d c04c 
  0x00000167b3dccf00: 8b75 c84e | 8d74 f500 | c348 8b43 | 1848 85c0 | 0f84 1200 | 0000 8b48 | 0883 c102 | 8948 0823 
  0x00000167b3dccf20: 482c 0f84 | de08 0000 | 493b a770 | 0500 000f | 8748 0000 | 0089 8424 | 00f0 ffff | 8984 2400 
  0x00000167b3dccf40: e0ff ff89 | 8424 00d0 | ffff 8984 | 2400 c0ff | ff89 8424 | 00b0 ffff | 8984 2400 | a0ff ff89 
  0x00000167b3dccf60: 8424 0090 | ffff 8984 | 2400 80ff | ff49 3ba7 | 6805 0000 | 7607 4989 | a770 0500 | 0041 c687 
  0x00000167b3dccf80: f104 0000 | 0048 8b5d | e84c 8b5b | 0845 0fb7 | 5b2e 41c1 | e303 492b | e348 83ec | 2048 83e4 
  0x00000167b3dccfa0: f04c 8b5b | 604d 85db | 0f85 ab00 | 0000 e805 | 0000 00e9 | 9900 0000 | 488b d348 | 8d44 2408 
  0x00000167b3dccfc0: 4c89 6dc0 | 498b cfc5 | f877 4989 | af38 0400 | 0049 8987 | 2804 0000 | 4883 ec20 | 40f6 c40f 
  0x00000167b3dccfe0: 0f84 1900 | 0000 4883 | ec08 48b8 | 7048 32de | fc7f 0000 | ffd0 4883 | c408 e90c | 0000 0048 
  0x00000167b3dcd000: b870 4832 | defc 7f00 | 00ff d048 | 83c4 2049 | c787 2804 | 0000 0000 | 0000 49c7 | 8738 0400 
  0x00000167b3dcd020: 0000 0000 | 0049 c787 | 3004 0000 | 0000 0000 | c5f8 7749 | 837f 0800 | 0f84 0500 | 0000 e99d 
  0x00000167b3dcd040: 41ff ff4c | 8b6d c04c | 8b75 c84e | 8d74 f500 | c348 8b5d | e84c 8b5b | 6041 ffd3 | 488b 5de8 
  0x00000167b3dcd060: 4889 4518 | 440f b75b | 2c41 f6c3 | 080f 841b | 0000 004c | 8b5b 084d | 8b5b 084d | 8b5b 184d 
  0x00000167b3dcd080: 8b5b 704d | 8b1b 4c89 | 5d10 488d | 5510 488b | 4358 49ba | a00f 6dde | fc7f 0000 | 493b c20f 
  0x00000167b3dcd0a0: 85ab 0000 | 00e8 0500 | 0000 e999 | 0000 0048 | 8bd3 488d | 4424 084c | 896d c049 | 8bcf c5f8 
  0x00000167b3dcd0c0: 7749 89af | 3804 0000 | 4989 8728 | 0400 0048 | 83ec 2040 | f6c4 0f0f | 8419 0000 | 0048 83ec 
  0x00000167b3dcd0e0: 0848 b870 | 4832 defc | 7f00 00ff | d048 83c4 | 08e9 0c00 | 0000 48b8 | 7048 32de | fc7f 0000 
  0x00000167b3dcd100: ffd0 4883 | c420 49c7 | 8728 0400 | 0000 0000 | 0049 c787 | 3804 0000 | 0000 0000 | 49c7 8730 
  0x00000167b3dcd120: 0400 0000 | 0000 00c5 | f877 4983 | 7f08 000f | 8405 0000 | 00e9 a640 | ffff 4c8b | 6dc0 4c8b 
  0x00000167b3dcd140: 75c8 4e8d | 74f5 00c3 | 488b 5de8 | 488b 4358 | 498d 8f48 | 0400 004c | 8d15 d500 | 0000 4d89 
  0x00000167b3dcd160: 9730 0400 | 00c5 f877 | 4989 af38 | 0400 0049 | 89a7 2804 | 0000 41c7 | 87d4 0400 | 0004 0000 
  0x00000167b3dcd180: 0049 3ba7 | c805 0000 | 7607 4989 | a7c8 0500 | 00ff d049 | 3ba7 c805 | 0000 720b | 49c7 87c8 
  0x00000167b3dcd1a0: 0500 0000 | 0000 00c5 | f877 4883 | ec10 c5fb | 1104 2448 | 83ec 1048 | 8904 2448 | c744 2408 
  0x00000167b3dcd1c0: 0000 0000 | 41c7 87d4 | 0400 0005 | 0000 00f0 | 8344 24c0 | 0049 3b6f | 280f 870e | 0000 0041 
  0x00000167b3dcd1e0: 83bf d004 | 0000 000f | 8420 0000 | 0049 8bcf | 4c8b e448 | 83ec 2048 | 83e4 f048 | b8a0 ac33 
  0x00000167b3dcd200: defc 7f00 | 00ff d049 | 8be4 4d33 | e441 c787 | d404 0000 | 0800 0000 | 4d8b 97f0 | 0500 0049 
  0x00000167b3dcd220: 83fa 0074 | 3549 c787 | f005 0000 | 0000 0000 | 41ff e249 | ba60 bedc | b367 0100 | 0041 ffd2 
  0x00000167b3dcd240: 4883 ec10 | c5fb 1104 | 2448 83ec | 1048 8904 | 2448 c744 | 2408 0000 | 0000 49c7 | 8728 0400 
  0x00000167b3dcd260: 0000 0000 | 0049 c787 | 3804 0000 | 0000 0000 | 49c7 8730 | 0400 0000 | 0000 00c5 | f877 4d8b 
  0x00000167b3dcd280: 9fb8 0400 | 0041 c783 | 0001 0000 | 0000 0000 | 49bb 5aa7 | dcb3 6701 | 0000 4c3b | 5d18 0f85 
  0x00000167b3dcd2a0: 5501 0000 | 488b 0424 | 4883 c410 | 4885 c00f | 842f 0100 | 00a8 030f | 8508 0000 | 0048 8b00 
  0x00000167b3dcd2c0: e91f 0100 | 00a8 010f | 8509 0000 | 0048 8b40 | fee9 0e01 | 0000 488b | 40ff 4180 | 7f48 000f 
  0x00000167b3dcd2e0: 84ff 0000 | 0048 83f8 | 000f 84f5 | 0000 004d | 8b5f 384d | 85db 0f84 | 1400 0000 | 4983 eb08 
  0x00000167b3dcd300: 4d89 5f38 | 4d03 5f40 | 4989 03e9 | d400 0000 | 4883 ec70 | 4889 0424 | 4889 4c24 | 0848 8954 
  0x00000167b3dcd320: 2410 4c89 | 4424 184c | 894c 2420 | 4c89 5424 | 284c 895c | 2430 c5fb | 1144 2440 | c5fb 114c 
  0x00000167b3dcd340: 2448 c5fb | 1154 2450 | c5fb 115c | 2458 c5fb | 1164 2460 | c5fb 116c | 2468 498b | d748 8bc8 
  0x00000167b3dcd360: 4883 ec20 | 40f6 c40f | 0f84 1900 | 0000 4883 | ec08 48b8 | 2076 26de | fc7f 0000 | ffd0 4883 
  0x00000167b3dcd380: c408 e90c | 0000 0048 | b820 7626 | defc 7f00 | 00ff d048 | 83c4 20c5 | fb10 6c24 | 68c5 fb10 
  0x00000167b3dcd3a0: 6424 60c5 | fb10 5c24 | 58c5 fb10 | 5424 50c5 | fb10 4c24 | 48c5 fb10 | 4424 404c | 8b5c 2430 
  0x00000167b3dcd3c0: 4c8b 5424 | 284c 8b4c | 2420 4c8b | 4424 1848 | 8b54 2410 | 488b 4c24 | 0848 8b04 | 2448 83c4 
  0x00000167b3dcd3e0: 70c5 f877 | 4889 4510 | 4883 ec10 | 4889 0424 | 48c7 4424 | 0800 0000 | 0041 83bf | 5005 0000 
  0x00000167b3dcd400: 020f 85bf | 0000 0048 | 81ec 8000 | 0000 4889 | 4424 7848 | 894c 2470 | 4889 5424 | 6848 895c 
  0x00000167b3dcd420: 2460 4889 | 6c24 5048 | 8974 2448 | 4889 7c24 | 404c 8944 | 2438 4c89 | 4c24 304c | 8954 2428 
  0x00000167b3dcd440: 4c89 5c24 | 204c 8964 | 2418 4c89 | 6c24 104c | 8974 2408 | 4c89 3c24 | 4c8b e448 | 83ec 2048 
  0x00000167b3dcd460: 83e4 f048 | b810 f76c | defc 7f00 | 00ff d049 | 8be4 4c8b | 3c24 4c8b | 7424 084c | 8b6c 2410 
  0x00000167b3dcd480: 4c8b 6424 | 184c 8b5c | 2420 4c8b | 5424 284c | 8b4c 2430 | 4c8b 4424 | 3848 8b7c | 2440 488b 
  0x00000167b3dcd4a0: 7424 4848 | 8b6c 2450 | 488b 5c24 | 6048 8b54 | 2468 488b | 4c24 7048 | 8b44 2478 | 4881 c480 
  0x00000167b3dcd4c0: 0000 004d | 33e4 488b | 5de8 4c8b | 6b08 4d8d | 6d38 4983 | 7f08 000f | 84bb 0000 | 00e8 0500 
  0x00000167b3dcd4e0: 0000 e996 | 0000 0048 | 8d44 2408 | 4c89 6dc0 | 498b cfc5 | f877 4989 | af38 0400 | 0049 8987 
  0x00000167b3dcd500: 2804 0000 | 4883 ec20 | 40f6 c40f | 0f84 1900 | 0000 4883 | ec08 48b8 | b066 32de | fc7f 0000 
  0x00000167b3dcd520: ffd0 4883 | c408 e90c | 0000 0048 | b8b0 6632 | defc 7f00 | 00ff d048 | 83c4 2049 | c787 2804 
  0x00000167b3dcd540: 0000 0000 | 0000 49c7 | 8738 0400 | 0000 0000 | 0049 c787 | 3004 0000 | 0000 0000 | c5f8 7749 
  0x00000167b3dcd560: 837f 0800 | 0f84 0500 | 0000 e971 | 3cff ff4c | 8b6d c04c | 8b75 c84e | 8d74 f500 | c348 b948 
  0x00000167b3dcd580: 0896 defc | 7f00 0048 | 83e4 f048 | b800 8d59 | defc 7f00 | 00ff d0f4 | 440f b75b | 2c41 f6c3 
  0x00000167b3dcd5a0: 200f 8472 | 0100 0048 | 8d55 a84c | 8b5a 084d | 85db 0f85 | bb00 0000 | e805 0000 | 00e9 9600 
  0x00000167b3dcd5c0: 0000 488d | 4424 084c | 896d c049 | 8bcf c5f8 | 7749 89af | 3804 0000 | 4989 8728 | 0400 0048 
  0x00000167b3dcd5e0: 83ec 2040 | f6c4 0f0f | 8419 0000 | 0048 83ec | 0848 b8e0 | 6532 defc | 7f00 00ff | d048 83c4 
  0x00000167b3dcd600: 08e9 0c00 | 0000 48b8 | e065 32de | fc7f 0000 | ffd0 4883 | c420 49c7 | 8728 0400 | 0000 0000 
  0x00000167b3dcd620: 0049 c787 | 3804 0000 | 0000 0000 | 49c7 8730 | 0400 0000 | 0000 00c5 | f877 4983 | 7f08 000f 
  0x00000167b3dcd640: 8405 0000 | 00e9 963b | ffff 4c8b | 6dc0 4c8b | 75c8 4e8d | 74f5 00c3 | 48b9 4808 | 96de fc7f 
  0x00000167b3dcd660: 0000 4883 | e4f0 48b8 | 008d 59de | fc7f 0000 | ffd0 f44c | 896d c04c | 8b4a 0848 | c742 0800 
  0x00000167b3dcd680: 0000 0045 | 8b87 d806 | 0000 4f3b | 4c07 f80f | 8542 0000 | 0041 83af | d806 0000 | 084f 3b4c 
  0x00000167b3dcd6a0: 07f0 0f84 | 2a00 0000 | 498b 01a8 | 020f 8512 | 0000 004c | 8bc0 4983 | c801 f04d | 0fb1 010f 
  0x00000167b3dcd6c0: 840d 0000 | 0041 8387 | d806 0000 | 08e9 0500 | 0000 e93e | 0000 004c | 894a 0848 | 8bca 4883 
  0x00000167b3dcd6e0: ec20 40f6 | c40f 0f84 | 1900 0000 | 4883 ec08 | 48b8 3038 | 32de fc7f | 0000 ffd0 | 4883 c408 
  0x00000167b3dcd700: e90c 0000 | 0048 b830 | 3832 defc | 7f00 00ff | d048 83c4 | 204c 8b6d | c041 c687 | 9603 0000 
  0x00000167b3dcd720: 0149 3b6f | 280f 8705 | 0000 00e9 | ab00 0000 | 4883 ec10 | c5fb 1104 | 2448 83ec | 1048 8904 
  0x00000167b3dcd740: 2448 c744 | 2408 0000 | 0000 c5f8 | 7749 89af | 3804 0000 | 49ba 4ad7 | dcb3 6701 | 0000 4d89 
  0x00000167b3dcd760: 9730 0400 | 0049 89a7 | 2804 0000 | 498b cf48 | 83ec 2040 | f6c4 0f0f | 8419 0000 | 0048 83ec 
  0x00000167b3dcd780: 0848 b8d0 | 1e32 defc | 7f00 00ff | d048 83c4 | 08e9 0c00 | 0000 48b8 | d01e 32de | fc7f 0000 
  0x00000167b3dcd7a0: ffd0 4883 | c420 49c7 | 8728 0400 | 0000 0000 | 0049 c787 | 3804 0000 | 0000 0000 | 49c7 8730 
  0x00000167b3dcd7c0: 0400 0000 | 0000 00c5 | f877 488b | 0424 4883 | c410 c5fb | 1004 2448 | 83c4 1048 | 8b04 2448 
  0x00000167b3dcd7e0: 83c4 10c5 | fb10 0424 | 4883 c410 | 4c8b 5d18 | 41ff d34c | 8b5d f8c9 | 41c6 8796 | 0300 0000 
  0x00000167b3dcd800: 5f49 8be3 | ffe7 ba00 | 0000 00e8 | 0500 0000 | e996 0000 | 0048 8d44 | 2408 4c89 | 6dc0 498b 
  0x00000167b3dcd820: cfc5 f877 | 4989 af38 | 0400 0049 | 8987 2804 | 0000 4883 | ec20 40f6 | c40f 0f84 | 1900 0000 
  0x00000167b3dcd840: 4883 ec08 | 48b8 202e | 32de fc7f | 0000 ffd0 | 4883 c408 | e90c 0000 | 0048 b820 | 2e32 defc 
  0x00000167b3dcd860: 7f00 00ff | d048 83c4 | 2049 c787 | 2804 0000 | 0000 0000 | 49c7 8738 | 0400 0000 | 0000 0049 
  0x00000167b3dcd880: c787 3004 | 0000 0000 | 0000 c5f8 | 7749 837f | 0800 0f84 | 0500 0000 | e943 39ff | ff4c 8b6d 
  0x00000167b3dcd8a0: c04c 8b75 | c84e 8d74 | f500 c348 | 8b5d e8e9 | 74f6 ffff | 0f1f 4000 
[/MachCode]

---------------  P R O C E S S  ---------------

Threads class SMR info:
_java_thread_list=0x00000167ce992e90, length=17, elements={
0x00000167a40f62d0, 0x00000167c650bdf0, 0x00000167c650c700, 0x00000167c6511d80,
0x00000167c6513df0, 0x00000167c6519530, 0x00000167c65221d0, 0x00000167c65321a0,
0x00000167c65349c0, 0x00000167c93a3160, 0x00000167c9482580, 0x00000167c94d9500,
0x00000167c95226c0, 0x00000167c96fe0c0, 0x00000167c96d00a0, 0x00000167c9973c90,
0x00000167ce1af7a0
}

Java Threads: ( => current thread )
=>0x00000167a40f62d0 JavaThread "main"                              [_thread_in_native, id=13596, stack(0x000000097e700000,0x000000097e800000) (1024K)]
  0x00000167c650bdf0 JavaThread "Reference Handler"          daemon [_thread_blocked, id=12748, stack(0x000000097ef00000,0x000000097f000000) (1024K)]
  0x00000167c650c700 JavaThread "Finalizer"                  daemon [_thread_blocked, id=3496, stack(0x000000097f000000,0x000000097f100000) (1024K)]
  0x00000167c6511d80 JavaThread "Signal Dispatcher"          daemon [_thread_blocked, id=6364, stack(0x000000097f100000,0x000000097f200000) (1024K)]
  0x00000167c6513df0 JavaThread "Attach Listener"            daemon [_thread_blocked, id=1252, stack(0x000000097f200000,0x000000097f300000) (1024K)]
  0x00000167c6519530 JavaThread "Service Thread"             daemon [_thread_blocked, id=5568, stack(0x000000097f300000,0x000000097f400000) (1024K)]
  0x00000167c65221d0 JavaThread "Monitor Deflation Thread"   daemon [_thread_blocked, id=5532, stack(0x000000097f400000,0x000000097f500000) (1024K)]
  0x00000167c65321a0 JavaThread "C2 CompilerThread0"         daemon [_thread_blocked, id=8392, stack(0x000000097f500000,0x000000097f600000) (1024K)]
  0x00000167c65349c0 JavaThread "C1 CompilerThread0"         daemon [_thread_blocked, id=5288, stack(0x000000097f600000,0x000000097f700000) (1024K)]
  0x00000167c93a3160 JavaThread "C1 CompilerThread1"         daemon [_thread_blocked, id=9956, stack(0x000000097f700000,0x000000097f800000) (1024K)]
  0x00000167c9482580 JavaThread "C1 CompilerThread2"         daemon [_thread_blocked, id=18340, stack(0x000000097f800000,0x000000097f900000) (1024K)]
  0x00000167c94d9500 JavaThread "Common-Cleaner"             daemon [_thread_blocked, id=9796, stack(0x000000097f900000,0x000000097fa00000) (1024K)]
  0x00000167c95226c0 JavaThread "C2 CompilerThread1"         daemon [_thread_blocked, id=9500, stack(0x000000097fa00000,0x000000097fb00000) (1024K)]
  0x00000167c96fe0c0 JavaThread "Monitor Ctrl-Break"         daemon [_thread_in_native, id=18668, stack(0x000000097fb00000,0x000000097fc00000) (1024K)]
  0x00000167c96d00a0 JavaThread "Notification Thread"        daemon [_thread_blocked, id=14812, stack(0x000000097fc00000,0x000000097fd00000) (1024K)]
  0x00000167c9973c90 JavaThread "C1 CompilerThread3"         daemon [_thread_blocked, id=17448, stack(0x000000097fd00000,0x000000097fe00000) (1024K)]
  0x00000167ce1af7a0 JavaThread "C2 CompilerThread2"         daemon [_thread_blocked, id=3500, stack(0x000000097fe00000,0x000000097ff00000) (1024K)]
Total: 17

Other Threads:
  0x00000167c64faa70 VMThread "VM Thread"                           [id=5176, stack(0x000000097ee00000,0x000000097ef00000) (1024K)]
  0x00000167c64e9920 WatcherThread "VM Periodic Task Thread"        [id=4748, stack(0x000000097ed00000,0x000000097ee00000) (1024K)]
  0x00000167c637fc90 WorkerThread "GC Thread#0"                     [id=8428, stack(0x000000097e800000,0x000000097e900000) (1024K)]
  0x00000167a1e4df80 ConcurrentGCThread "G1 Main Marker"            [id=19124, stack(0x000000097e900000,0x000000097ea00000) (1024K)]
  0x00000167a1e4ea20 WorkerThread "G1 Conc#0"                       [id=10668, stack(0x000000097ea00000,0x000000097eb00000) (1024K)]
  0x00000167c63b87c0 ConcurrentGCThread "G1 Refine#0"               [id=16176, stack(0x000000097eb00000,0x000000097ec00000) (1024K)]
  0x00000167c63bb3e0 ConcurrentGCThread "G1 Service"                [id=20448, stack(0x000000097ec00000,0x000000097ed00000) (1024K)]
Total: 7

Threads with active compile tasks:
Total: 0

VM state: not at safepoint (normal execution)

VM Mutex/Monitor currently owned by a thread: None

Heap address: 0x0000000602000000, size: 8160 MB, Compressed Oops mode: Zero based, Oop shift amount: 3

CDS archive(s) mapped at: [0x0000000026000000-0x0000000026dd0000-0x0000000026dd0000), size 14483456, SharedBaseAddress: 0x0000000026000000, ArchiveRelocationMode: 1.
Compressed class space mapped at: 0x0000000027000000-0x0000000067000000, reserved size: 1073741824
UseCompressedClassPointers 1, UseCompactObjectHeaders 0
Narrow klass pointer bits 32, Max shift 3
Narrow klass base: 0x0000000026000000, Narrow klass shift: 0
Encoding Range: [0x0000000026000000 - 0x0000000126000000), (4294967296 bytes)
Klass Range:    [0x0000000026010000 - 0x0000000067000000), (1090453504 bytes)
Klass ID Range:  [65536 - 1090519033) (1090453497)
Protection zone: [0x0000000026000000 - 0x0000000026010000), (65536 bytes)

GC Precious Log:
 CardTable entry size: 512
 Card Set container configuration: InlinePtr #cards 4 size 8 Array Of Cards #cards 32 size 80 Howl #buckets 8 coarsen threshold 7372 Howl Bitmap #cards 1024 size 144 coarsen threshold 921 Card regions per heap region 1 cards per card region 8192
 CPUs: 16 total, 16 available
 Memory: 32639M
 Large Page Support: Disabled
 NUMA Support: Disabled
 Compressed Oops: Enabled (Zero based)
 Heap Region Size: 4M
 Heap Min Capacity: 8M
 Heap Initial Capacity: 512M
 Heap Max Capacity: 8160M
 Pre-touch: Disabled
 Parallel Workers: 13
 Concurrent Workers: 3
 Concurrent Refinement Workers: 13
 Periodic GC: Disabled

Heap:
 garbage-first heap   total reserved 8355840K, committed 528384K, used 38037K [0x0000000602000000, 0x0000000800000000)
  region size 4096K, 10 young (40960K), 0 survivors (0K)

Heap Regions: E=young(eden), S=young(survivor), O=old, HS=humongous(starts), HC=humongous(continues), CS=collection set, F=free, TAMS=top-at-mark-start, PB=parsable bottom
|   0|0x0000000602000000, 0x0000000602000000, 0x0000000602400000|  0%| F|  |TAMS 0x0000000602000000| PB 0x0000000602000000| Untracked |  0
|   1|0x0000000602400000, 0x0000000602400000, 0x0000000602800000|  0%| F|  |TAMS 0x0000000602400000| PB 0x0000000602400000| Untracked |  0
|   2|0x0000000602800000, 0x0000000602800000, 0x0000000602c00000|  0%| F|  |TAMS 0x0000000602800000| PB 0x0000000602800000| Untracked |  0
|   3|0x0000000602c00000, 0x0000000602c00000, 0x0000000603000000|  0%| F|  |TAMS 0x0000000602c00000| PB 0x0000000602c00000| Untracked |  0
|   4|0x0000000603000000, 0x0000000603000000, 0x0000000603400000|  0%| F|  |TAMS 0x0000000603000000| PB 0x0000000603000000| Untracked |  0
|   5|0x0000000603400000, 0x0000000603400000, 0x0000000603800000|  0%| F|  |TAMS 0x0000000603400000| PB 0x0000000603400000| Untracked |  0
|   6|0x0000000603800000, 0x0000000603800000, 0x0000000603c00000|  0%| F|  |TAMS 0x0000000603800000| PB 0x0000000603800000| Untracked |  0
|   7|0x0000000603c00000, 0x0000000603c00000, 0x0000000604000000|  0%| F|  |TAMS 0x0000000603c00000| PB 0x0000000603c00000| Untracked |  0
|   8|0x0000000604000000, 0x0000000604000000, 0x0000000604400000|  0%| F|  |TAMS 0x0000000604000000| PB 0x0000000604000000| Untracked |  0
|   9|0x0000000604400000, 0x0000000604400000, 0x0000000604800000|  0%| F|  |TAMS 0x0000000604400000| PB 0x0000000604400000| Untracked |  0
|  10|0x0000000604800000, 0x0000000604800000, 0x0000000604c00000|  0%| F|  |TAMS 0x0000000604800000| PB 0x0000000604800000| Untracked |  0
|  11|0x0000000604c00000, 0x0000000604c00000, 0x0000000605000000|  0%| F|  |TAMS 0x0000000604c00000| PB 0x0000000604c00000| Untracked |  0
|  12|0x0000000605000000, 0x0000000605000000, 0x0000000605400000|  0%| F|  |TAMS 0x0000000605000000| PB 0x0000000605000000| Untracked |  0
|  13|0x0000000605400000, 0x0000000605400000, 0x0000000605800000|  0%| F|  |TAMS 0x0000000605400000| PB 0x0000000605400000| Untracked |  0
|  14|0x0000000605800000, 0x0000000605800000, 0x0000000605c00000|  0%| F|  |TAMS 0x0000000605800000| PB 0x0000000605800000| Untracked |  0
|  15|0x0000000605c00000, 0x0000000605c00000, 0x0000000606000000|  0%| F|  |TAMS 0x0000000605c00000| PB 0x0000000605c00000| Untracked |  0
|  16|0x0000000606000000, 0x0000000606000000, 0x0000000606400000|  0%| F|  |TAMS 0x0000000606000000| PB 0x0000000606000000| Untracked |  0
|  17|0x0000000606400000, 0x0000000606400000, 0x0000000606800000|  0%| F|  |TAMS 0x0000000606400000| PB 0x0000000606400000| Untracked |  0
|  18|0x0000000606800000, 0x0000000606800000, 0x0000000606c00000|  0%| F|  |TAMS 0x0000000606800000| PB 0x0000000606800000| Untracked |  0
|  19|0x0000000606c00000, 0x0000000606c00000, 0x0000000607000000|  0%| F|  |TAMS 0x0000000606c00000| PB 0x0000000606c00000| Untracked |  0
|  20|0x0000000607000000, 0x0000000607000000, 0x0000000607400000|  0%| F|  |TAMS 0x0000000607000000| PB 0x0000000607000000| Untracked |  0
|  21|0x0000000607400000, 0x0000000607400000, 0x0000000607800000|  0%| F|  |TAMS 0x0000000607400000| PB 0x0000000607400000| Untracked |  0
|  22|0x0000000607800000, 0x0000000607800000, 0x0000000607c00000|  0%| F|  |TAMS 0x0000000607800000| PB 0x0000000607800000| Untracked |  0
|  23|0x0000000607c00000, 0x0000000607c00000, 0x0000000608000000|  0%| F|  |TAMS 0x0000000607c00000| PB 0x0000000607c00000| Untracked |  0
|  24|0x0000000608000000, 0x0000000608000000, 0x0000000608400000|  0%| F|  |TAMS 0x0000000608000000| PB 0x0000000608000000| Untracked |  0
|  25|0x0000000608400000, 0x0000000608400000, 0x0000000608800000|  0%| F|  |TAMS 0x0000000608400000| PB 0x0000000608400000| Untracked |  0
|  26|0x0000000608800000, 0x0000000608800000, 0x0000000608c00000|  0%| F|  |TAMS 0x0000000608800000| PB 0x0000000608800000| Untracked |  0
|  27|0x0000000608c00000, 0x0000000608c00000, 0x0000000609000000|  0%| F|  |TAMS 0x0000000608c00000| PB 0x0000000608c00000| Untracked |  0
|  28|0x0000000609000000, 0x0000000609000000, 0x0000000609400000|  0%| F|  |TAMS 0x0000000609000000| PB 0x0000000609000000| Untracked |  0
|  29|0x0000000609400000, 0x0000000609400000, 0x0000000609800000|  0%| F|  |TAMS 0x0000000609400000| PB 0x0000000609400000| Untracked |  0
|  30|0x0000000609800000, 0x0000000609800000, 0x0000000609c00000|  0%| F|  |TAMS 0x0000000609800000| PB 0x0000000609800000| Untracked |  0
|  31|0x0000000609c00000, 0x0000000609c00000, 0x000000060a000000|  0%| F|  |TAMS 0x0000000609c00000| PB 0x0000000609c00000| Untracked |  0
|  32|0x000000060a000000, 0x000000060a000000, 0x000000060a400000|  0%| F|  |TAMS 0x000000060a000000| PB 0x000000060a000000| Untracked |  0
|  33|0x000000060a400000, 0x000000060a400000, 0x000000060a800000|  0%| F|  |TAMS 0x000000060a400000| PB 0x000000060a400000| Untracked |  0
|  34|0x000000060a800000, 0x000000060a800000, 0x000000060ac00000|  0%| F|  |TAMS 0x000000060a800000| PB 0x000000060a800000| Untracked |  0
|  35|0x000000060ac00000, 0x000000060ac00000, 0x000000060b000000|  0%| F|  |TAMS 0x000000060ac00000| PB 0x000000060ac00000| Untracked |  0
|  36|0x000000060b000000, 0x000000060b000000, 0x000000060b400000|  0%| F|  |TAMS 0x000000060b000000| PB 0x000000060b000000| Untracked |  0
|  37|0x000000060b400000, 0x000000060b400000, 0x000000060b800000|  0%| F|  |TAMS 0x000000060b400000| PB 0x000000060b400000| Untracked |  0
|  38|0x000000060b800000, 0x000000060b800000, 0x000000060bc00000|  0%| F|  |TAMS 0x000000060b800000| PB 0x000000060b800000| Untracked |  0
|  39|0x000000060bc00000, 0x000000060bc00000, 0x000000060c000000|  0%| F|  |TAMS 0x000000060bc00000| PB 0x000000060bc00000| Untracked |  0
|  40|0x000000060c000000, 0x000000060c000000, 0x000000060c400000|  0%| F|  |TAMS 0x000000060c000000| PB 0x000000060c000000| Untracked |  0
|  41|0x000000060c400000, 0x000000060c400000, 0x000000060c800000|  0%| F|  |TAMS 0x000000060c400000| PB 0x000000060c400000| Untracked |  0
|  42|0x000000060c800000, 0x000000060c800000, 0x000000060cc00000|  0%| F|  |TAMS 0x000000060c800000| PB 0x000000060c800000| Untracked |  0
|  43|0x000000060cc00000, 0x000000060cc00000, 0x000000060d000000|  0%| F|  |TAMS 0x000000060cc00000| PB 0x000000060cc00000| Untracked |  0
|  44|0x000000060d000000, 0x000000060d000000, 0x000000060d400000|  0%| F|  |TAMS 0x000000060d000000| PB 0x000000060d000000| Untracked |  0
|  45|0x000000060d400000, 0x000000060d400000, 0x000000060d800000|  0%| F|  |TAMS 0x000000060d400000| PB 0x000000060d400000| Untracked |  0
|  46|0x000000060d800000, 0x000000060d800000, 0x000000060dc00000|  0%| F|  |TAMS 0x000000060d800000| PB 0x000000060d800000| Untracked |  0
|  47|0x000000060dc00000, 0x000000060dc00000, 0x000000060e000000|  0%| F|  |TAMS 0x000000060dc00000| PB 0x000000060dc00000| Untracked |  0
|  48|0x000000060e000000, 0x000000060e000000, 0x000000060e400000|  0%| F|  |TAMS 0x000000060e000000| PB 0x000000060e000000| Untracked |  0
|  49|0x000000060e400000, 0x000000060e400000, 0x000000060e800000|  0%| F|  |TAMS 0x000000060e400000| PB 0x000000060e400000| Untracked |  0
|  50|0x000000060e800000, 0x000000060e800000, 0x000000060ec00000|  0%| F|  |TAMS 0x000000060e800000| PB 0x000000060e800000| Untracked |  0
|  51|0x000000060ec00000, 0x000000060ec00000, 0x000000060f000000|  0%| F|  |TAMS 0x000000060ec00000| PB 0x000000060ec00000| Untracked |  0
|  52|0x000000060f000000, 0x000000060f000000, 0x000000060f400000|  0%| F|  |TAMS 0x000000060f000000| PB 0x000000060f000000| Untracked |  0
|  53|0x000000060f400000, 0x000000060f400000, 0x000000060f800000|  0%| F|  |TAMS 0x000000060f400000| PB 0x000000060f400000| Untracked |  0
|  54|0x000000060f800000, 0x000000060f800000, 0x000000060fc00000|  0%| F|  |TAMS 0x000000060f800000| PB 0x000000060f800000| Untracked |  0
|  55|0x000000060fc00000, 0x000000060fc00000, 0x0000000610000000|  0%| F|  |TAMS 0x000000060fc00000| PB 0x000000060fc00000| Untracked |  0
|  56|0x0000000610000000, 0x0000000610000000, 0x0000000610400000|  0%| F|  |TAMS 0x0000000610000000| PB 0x0000000610000000| Untracked |  0
|  57|0x0000000610400000, 0x0000000610400000, 0x0000000610800000|  0%| F|  |TAMS 0x0000000610400000| PB 0x0000000610400000| Untracked |  0
|  58|0x0000000610800000, 0x0000000610800000, 0x0000000610c00000|  0%| F|  |TAMS 0x0000000610800000| PB 0x0000000610800000| Untracked |  0
|  59|0x0000000610c00000, 0x0000000610c00000, 0x0000000611000000|  0%| F|  |TAMS 0x0000000610c00000| PB 0x0000000610c00000| Untracked |  0
|  60|0x0000000611000000, 0x0000000611000000, 0x0000000611400000|  0%| F|  |TAMS 0x0000000611000000| PB 0x0000000611000000| Untracked |  0
|  61|0x0000000611400000, 0x0000000611400000, 0x0000000611800000|  0%| F|  |TAMS 0x0000000611400000| PB 0x0000000611400000| Untracked |  0
|  62|0x0000000611800000, 0x0000000611800000, 0x0000000611c00000|  0%| F|  |TAMS 0x0000000611800000| PB 0x0000000611800000| Untracked |  0
|  63|0x0000000611c00000, 0x0000000611c00000, 0x0000000612000000|  0%| F|  |TAMS 0x0000000611c00000| PB 0x0000000611c00000| Untracked |  0
|  64|0x0000000612000000, 0x0000000612000000, 0x0000000612400000|  0%| F|  |TAMS 0x0000000612000000| PB 0x0000000612000000| Untracked |  0
|  65|0x0000000612400000, 0x0000000612400000, 0x0000000612800000|  0%| F|  |TAMS 0x0000000612400000| PB 0x0000000612400000| Untracked |  0
|  66|0x0000000612800000, 0x0000000612800000, 0x0000000612c00000|  0%| F|  |TAMS 0x0000000612800000| PB 0x0000000612800000| Untracked |  0
|  67|0x0000000612c00000, 0x0000000612c00000, 0x0000000613000000|  0%| F|  |TAMS 0x0000000612c00000| PB 0x0000000612c00000| Untracked |  0
|  68|0x0000000613000000, 0x0000000613000000, 0x0000000613400000|  0%| F|  |TAMS 0x0000000613000000| PB 0x0000000613000000| Untracked |  0
|  69|0x0000000613400000, 0x0000000613400000, 0x0000000613800000|  0%| F|  |TAMS 0x0000000613400000| PB 0x0000000613400000| Untracked |  0
|  70|0x0000000613800000, 0x0000000613800000, 0x0000000613c00000|  0%| F|  |TAMS 0x0000000613800000| PB 0x0000000613800000| Untracked |  0
|  71|0x0000000613c00000, 0x0000000613c00000, 0x0000000614000000|  0%| F|  |TAMS 0x0000000613c00000| PB 0x0000000613c00000| Untracked |  0
|  72|0x0000000614000000, 0x0000000614000000, 0x0000000614400000|  0%| F|  |TAMS 0x0000000614000000| PB 0x0000000614000000| Untracked |  0
|  73|0x0000000614400000, 0x0000000614400000, 0x0000000614800000|  0%| F|  |TAMS 0x0000000614400000| PB 0x0000000614400000| Untracked |  0
|  74|0x0000000614800000, 0x0000000614800000, 0x0000000614c00000|  0%| F|  |TAMS 0x0000000614800000| PB 0x0000000614800000| Untracked |  0
|  75|0x0000000614c00000, 0x0000000614c00000, 0x0000000615000000|  0%| F|  |TAMS 0x0000000614c00000| PB 0x0000000614c00000| Untracked |  0
|  76|0x0000000615000000, 0x0000000615000000, 0x0000000615400000|  0%| F|  |TAMS 0x0000000615000000| PB 0x0000000615000000| Untracked |  0
|  77|0x0000000615400000, 0x0000000615400000, 0x0000000615800000|  0%| F|  |TAMS 0x0000000615400000| PB 0x0000000615400000| Untracked |  0
|  78|0x0000000615800000, 0x0000000615800000, 0x0000000615c00000|  0%| F|  |TAMS 0x0000000615800000| PB 0x0000000615800000| Untracked |  0
|  79|0x0000000615c00000, 0x0000000615c00000, 0x0000000616000000|  0%| F|  |TAMS 0x0000000615c00000| PB 0x0000000615c00000| Untracked |  0
|  80|0x0000000616000000, 0x0000000616000000, 0x0000000616400000|  0%| F|  |TAMS 0x0000000616000000| PB 0x0000000616000000| Untracked |  0
|  81|0x0000000616400000, 0x0000000616400000, 0x0000000616800000|  0%| F|  |TAMS 0x0000000616400000| PB 0x0000000616400000| Untracked |  0
|  82|0x0000000616800000, 0x0000000616800000, 0x0000000616c00000|  0%| F|  |TAMS 0x0000000616800000| PB 0x0000000616800000| Untracked |  0
|  83|0x0000000616c00000, 0x0000000616c00000, 0x0000000617000000|  0%| F|  |TAMS 0x0000000616c00000| PB 0x0000000616c00000| Untracked |  0
|  84|0x0000000617000000, 0x0000000617000000, 0x0000000617400000|  0%| F|  |TAMS 0x0000000617000000| PB 0x0000000617000000| Untracked |  0
|  85|0x0000000617400000, 0x0000000617400000, 0x0000000617800000|  0%| F|  |TAMS 0x0000000617400000| PB 0x0000000617400000| Untracked |  0
|  86|0x0000000617800000, 0x0000000617800000, 0x0000000617c00000|  0%| F|  |TAMS 0x0000000617800000| PB 0x0000000617800000| Untracked |  0
|  87|0x0000000617c00000, 0x0000000617c00000, 0x0000000618000000|  0%| F|  |TAMS 0x0000000617c00000| PB 0x0000000617c00000| Untracked |  0
|  88|0x0000000618000000, 0x0000000618000000, 0x0000000618400000|  0%| F|  |TAMS 0x0000000618000000| PB 0x0000000618000000| Untracked |  0
|  89|0x0000000618400000, 0x0000000618400000, 0x0000000618800000|  0%| F|  |TAMS 0x0000000618400000| PB 0x0000000618400000| Untracked |  0
|  90|0x0000000618800000, 0x0000000618800000, 0x0000000618c00000|  0%| F|  |TAMS 0x0000000618800000| PB 0x0000000618800000| Untracked |  0
|  91|0x0000000618c00000, 0x0000000618c00000, 0x0000000619000000|  0%| F|  |TAMS 0x0000000618c00000| PB 0x0000000618c00000| Untracked |  0
|  92|0x0000000619000000, 0x0000000619000000, 0x0000000619400000|  0%| F|  |TAMS 0x0000000619000000| PB 0x0000000619000000| Untracked |  0
|  93|0x0000000619400000, 0x0000000619400000, 0x0000000619800000|  0%| F|  |TAMS 0x0000000619400000| PB 0x0000000619400000| Untracked |  0
|  94|0x0000000619800000, 0x0000000619800000, 0x0000000619c00000|  0%| F|  |TAMS 0x0000000619800000| PB 0x0000000619800000| Untracked |  0
|  95|0x0000000619c00000, 0x0000000619c00000, 0x000000061a000000|  0%| F|  |TAMS 0x0000000619c00000| PB 0x0000000619c00000| Untracked |  0
|  96|0x000000061a000000, 0x000000061a000000, 0x000000061a400000|  0%| F|  |TAMS 0x000000061a000000| PB 0x000000061a000000| Untracked |  0
|  97|0x000000061a400000, 0x000000061a400000, 0x000000061a800000|  0%| F|  |TAMS 0x000000061a400000| PB 0x000000061a400000| Untracked |  0
|  98|0x000000061a800000, 0x000000061a800000, 0x000000061ac00000|  0%| F|  |TAMS 0x000000061a800000| PB 0x000000061a800000| Untracked |  0
|  99|0x000000061ac00000, 0x000000061ac00000, 0x000000061b000000|  0%| F|  |TAMS 0x000000061ac00000| PB 0x000000061ac00000| Untracked |  0
| 100|0x000000061b000000, 0x000000061b000000, 0x000000061b400000|  0%| F|  |TAMS 0x000000061b000000| PB 0x000000061b000000| Untracked |  0
| 101|0x000000061b400000, 0x000000061b400000, 0x000000061b800000|  0%| F|  |TAMS 0x000000061b400000| PB 0x000000061b400000| Untracked |  0
| 102|0x000000061b800000, 0x000000061b800000, 0x000000061bc00000|  0%| F|  |TAMS 0x000000061b800000| PB 0x000000061b800000| Untracked |  0
| 103|0x000000061bc00000, 0x000000061bc00000, 0x000000061c000000|  0%| F|  |TAMS 0x000000061bc00000| PB 0x000000061bc00000| Untracked |  0
| 104|0x000000061c000000, 0x000000061c000000, 0x000000061c400000|  0%| F|  |TAMS 0x000000061c000000| PB 0x000000061c000000| Untracked |  0
| 105|0x000000061c400000, 0x000000061c400000, 0x000000061c800000|  0%| F|  |TAMS 0x000000061c400000| PB 0x000000061c400000| Untracked |  0
| 106|0x000000061c800000, 0x000000061c800000, 0x000000061cc00000|  0%| F|  |TAMS 0x000000061c800000| PB 0x000000061c800000| Untracked |  0
| 107|0x000000061cc00000, 0x000000061cc00000, 0x000000061d000000|  0%| F|  |TAMS 0x000000061cc00000| PB 0x000000061cc00000| Untracked |  0
| 108|0x000000061d000000, 0x000000061d000000, 0x000000061d400000|  0%| F|  |TAMS 0x000000061d000000| PB 0x000000061d000000| Untracked |  0
| 109|0x000000061d400000, 0x000000061d400000, 0x000000061d800000|  0%| F|  |TAMS 0x000000061d400000| PB 0x000000061d400000| Untracked |  0
| 110|0x000000061d800000, 0x000000061d800000, 0x000000061dc00000|  0%| F|  |TAMS 0x000000061d800000| PB 0x000000061d800000| Untracked |  0
| 111|0x000000061dc00000, 0x000000061dc00000, 0x000000061e000000|  0%| F|  |TAMS 0x000000061dc00000| PB 0x000000061dc00000| Untracked |  0
| 112|0x000000061e000000, 0x000000061e000000, 0x000000061e400000|  0%| F|  |TAMS 0x000000061e000000| PB 0x000000061e000000| Untracked |  0
| 113|0x000000061e400000, 0x000000061e400000, 0x000000061e800000|  0%| F|  |TAMS 0x000000061e400000| PB 0x000000061e400000| Untracked |  0
| 114|0x000000061e800000, 0x000000061e800000, 0x000000061ec00000|  0%| F|  |TAMS 0x000000061e800000| PB 0x000000061e800000| Untracked |  0
| 115|0x000000061ec00000, 0x000000061ec00000, 0x000000061f000000|  0%| F|  |TAMS 0x000000061ec00000| PB 0x000000061ec00000| Untracked |  0
| 116|0x000000061f000000, 0x000000061f000000, 0x000000061f400000|  0%| F|  |TAMS 0x000000061f000000| PB 0x000000061f000000| Untracked |  0
| 117|0x000000061f400000, 0x000000061f400000, 0x000000061f800000|  0%| F|  |TAMS 0x000000061f400000| PB 0x000000061f400000| Untracked |  0
| 118|0x000000061f800000, 0x000000061faf24e0, 0x000000061fc00000| 73%| E|  |TAMS 0x000000061f800000| PB 0x000000061f800000| Complete |  0
| 119|0x000000061fc00000, 0x0000000620000000, 0x0000000620000000|100%| E|CS|TAMS 0x000000061fc00000| PB 0x000000061fc00000| Complete |  0
| 120|0x0000000620000000, 0x0000000620400000, 0x0000000620400000|100%| E|CS|TAMS 0x0000000620000000| PB 0x0000000620000000| Complete |  0
| 121|0x0000000620400000, 0x0000000620800000, 0x0000000620800000|100%| E|CS|TAMS 0x0000000620400000| PB 0x0000000620400000| Complete |  0
| 122|0x0000000620800000, 0x0000000620c00000, 0x0000000620c00000|100%| E|CS|TAMS 0x0000000620800000| PB 0x0000000620800000| Complete |  0
| 123|0x0000000620c00000, 0x0000000621000000, 0x0000000621000000|100%| E|CS|TAMS 0x0000000620c00000| PB 0x0000000620c00000| Complete |  0
| 124|0x0000000621000000, 0x0000000621400000, 0x0000000621400000|100%| E|CS|TAMS 0x0000000621000000| PB 0x0000000621000000| Complete |  0
| 125|0x0000000621400000, 0x0000000621800000, 0x0000000621800000|100%| E|CS|TAMS 0x0000000621400000| PB 0x0000000621400000| Complete |  0
| 126|0x0000000621800000, 0x0000000621c00000, 0x0000000621c00000|100%| E|CS|TAMS 0x0000000621800000| PB 0x0000000621800000| Complete |  0
| 127|0x0000000621c00000, 0x0000000622000000, 0x0000000622000000|100%| E|CS|TAMS 0x0000000621c00000| PB 0x0000000621c00000| Complete |  0
|2039|0x00000007ffc00000, 0x00000007ffd256a0, 0x0000000800000000| 28%| O|  |TAMS 0x00000007ffc00000| PB 0x00000007ffc00000| Untracked |  0

Card table byte_map: [0x00000167bd300000,0x00000167be2f0000] _byte_map_base: 0x00000167ba2f0000

Marking Bits: (CMBitMap*) 0x00000167c6380420
 Bits: [0x00000167be2f0000, 0x00000167c6270000)

Polling page: 0x00000167a20f0000

Metaspace:
Metaspace        used 7803K, committed 8448K, reserved 1114112K
 class space     used 552K, committed 832K, reserved 1048576K

Usage:
  Non-class:      7.08 MB used.
      Class:    552.44 KB used.
       Both:      7.62 MB used.

Virtual space:
  Non-class space:       64.00 MB reserved,       7.44 MB ( 12%) committed,  1 nodes.
      Class space:        1.00 GB reserved,     832.00 KB ( <1%) committed,  1 nodes.
             Both:        1.06 GB reserved,       8.25 MB ( <1%) committed. 

Chunk freelists:
   Non-Class:  8.06 MB
       Class:  15.06 MB
        Both:  23.12 MB

MaxMetaspaceSize: unlimited
CompressedClassSpaceSize: 1.00 GB
Initial GC threshold: 21.00 MB
Current GC threshold: 21.00 MB
CDS: on
 - commit_granule_bytes: 65536.
 - commit_granule_words: 8192.
 - virtual_space_node_default_size: 8388608.
 - enlarge_chunks_in_place: 1.
UseCompressedClassPointers 1, UseCompactObjectHeaders 0
Narrow klass pointer bits 32, Max shift 3
Narrow klass base: 0x0000000026000000, Narrow klass shift: 0
Encoding Range: [0x0000000026000000 - 0x0000000126000000), (4294967296 bytes)
Klass Range:    [0x0000000026010000 - 0x0000000067000000), (1090453504 bytes)
Klass ID Range:  [65536 - 1090519033) (1090453497)
Protection zone: [0x0000000026000000 - 0x0000000026010000), (65536 bytes)


Internal statistics:

num_allocs_failed_limit: 0.
num_arena_births: 642.
num_arena_deaths: 0.
num_vsnodes_births: 2.
num_vsnodes_deaths: 0.
num_space_committed: 131.
num_space_uncommitted: 0.
num_chunks_returned_to_freelist: 0.
num_chunks_taken_from_freelist: 980.
num_chunk_merges: 0.
num_chunk_splits: 670.
num_chunks_enlarged: 407.
num_inconsistent_stats: 0.

CodeHeap 'non-profiled nmethods': size=119232Kb used=658Kb max_used=658Kb free=118574Kb
 bounds [0x00000167b4500000, 0x00000167b4770000, 0x00000167bb970000]
CodeHeap 'profiled nmethods': size=119104Kb used=3332Kb max_used=3332Kb free=115771Kb
 bounds [0x00000167ac970000, 0x00000167accc0000, 0x00000167b3dc0000]
CodeHeap 'non-nmethods': size=7424Kb used=4124Kb max_used=4138Kb free=3299Kb
 bounds [0x00000167b3dc0000, 0x00000167b41d0000, 0x00000167b4500000]
CodeCache: size=245760Kb, used=8114Kb, max_used=8128Kb, free=237644Kb
 total_blobs=3699, nmethods=2123, adapters=1463, full_count=0
Compilation: enabled, stopped_count=0, restarted_count=0

Compilation events (20 events):
Event: 0.758 Thread 0x00000167c65349c0 nmethod 2110 0x00000167accadc88 code [0x00000167accadd80, 0x00000167accae5b0]
Event: 0.758 Thread 0x00000167c93a3160 2111       1       java.lang.invoke.ClassSpecializer$SpeciesData::getterFunctions (5 bytes)
Event: 0.758 Thread 0x00000167c93a3160 nmethod 2111 0x00000167b45a2188 code [0x00000167b45a2280, 0x00000167b45a2348]
Event: 0.758 Thread 0x00000167c65321a0 2112       4       jdk.internal.util.StrongReferenceKey::hashCode (8 bytes)
Event: 0.758 Thread 0x00000167c9482580 2113       3       java.lang.invoke.InvokerBytecodeGenerator::classData (157 bytes)
Event: 0.759 Thread 0x00000167c9482580 nmethod 2113 0x00000167accae608 code [0x00000167accae700, 0x00000167accb01f0]
Event: 0.759 Thread 0x00000167c93a3160 2116       1       java.util.ArrayList$ArrayListSpliterator::characteristics (4 bytes)
Event: 0.759 Thread 0x00000167c93a3160 nmethod 2116 0x00000167b45a2a88 code [0x00000167b45a2b80, 0x00000167b45a2c48]
Event: 0.760 Thread 0x00000167ce1af7a0 nmethod 2107 0x00000167b45a3088 code [0x00000167b45a3180, 0x00000167b45a31f8]
Event: 0.760 Thread 0x00000167c65349c0 2118       1       jdk.internal.foreign.abi.CallingSequence::needsReturnBuffer (5 bytes)
Event: 0.760 Thread 0x00000167c65349c0 nmethod 2118 0x00000167b45a3388 code [0x00000167b45a3480, 0x00000167b45a3548]
Event: 0.760 Thread 0x00000167c93a3160 2119       1       jdk.internal.classfile.impl.AbstractPseudoInstruction$ExceptionCatchImpl::tryStart (5 bytes)
Event: 0.760 Thread 0x00000167c9482580 2120       1       jdk.internal.classfile.impl.AbstractPseudoInstruction$ExceptionCatchImpl::tryEnd (5 bytes)
Event: 0.760 Thread 0x00000167c65349c0 2121       1       jdk.internal.classfile.impl.AbstractPseudoInstruction$ExceptionCatchImpl::handler (5 bytes)
Event: 0.760 Thread 0x00000167c9482580 nmethod 2120 0x00000167b45a3688 code [0x00000167b45a3780, 0x00000167b45a3848]
Event: 0.760 Thread 0x00000167c93a3160 nmethod 2119 0x00000167b45a3988 code [0x00000167b45a3a80, 0x00000167b45a3b48]
Event: 0.760 Thread 0x00000167c65349c0 nmethod 2121 0x00000167b45a3c88 code [0x00000167b45a3d80, 0x00000167b45a3e48]
Event: 0.761 Thread 0x00000167c65321a0 nmethod 2112 0x00000167b45a3f88 code [0x00000167b45a4080, 0x00000167b45a4490]
Event: 0.761 Thread 0x00000167c93a3160 2122       3       java.lang.invoke.BootstrapMethodInvoker::widenAndCast (47 bytes)
Event: 0.761 Thread 0x00000167c93a3160 nmethod 2122 0x00000167accb0288 code [0x00000167accb0380, 0x00000167accb1048]

GC Heap Usage History (0 events):
No events

Metaspace Usage History (0 events):
No events

Dll operation events (11 events):
Event: 0.010 Loaded shared library C:\Program Files\Java\jdk-25\bin\java.dll
Event: 0.072 Loaded shared library C:\Program Files\Java\jdk-25\bin\zip.dll
Event: 0.075 Loaded shared library C:\Program Files\Java\jdk-25\bin\instrument.dll
Event: 0.081 Loaded shared library C:\Program Files\Java\jdk-25\bin\net.dll
Event: 0.083 Loaded shared library C:\Program Files\Java\jdk-25\bin\nio.dll
Event: 0.089 Loaded shared library C:\Program Files\Java\jdk-25\bin\zip.dll
Event: 0.126 Loaded shared library C:\Program Files\Java\jdk-25\bin\extnet.dll
Event: 0.143 Loaded shared library C:\Program Files\Java\jdk-25\bin\jimage.dll
Event: 0.158 Loaded shared library C:\Users\gotte\AppData\Local\Temp\lwjgl_gotte\3.4.1+2\x64\lwjgl.dll
Event: 0.649 Loaded shared library C:\Users\gotte\AppData\Local\Temp\lwjgl_gotte\3.4.1+2\x64\lwjgl_opengl.dll
Event: 0.744 Loaded shared library C:\Users\gotte\AppData\Local\Temp\lwjgl_gotte\3.4.1+2\x64\lwjgl_stb.dll

Deoptimization events (20 events):
Event: 0.629 Thread 0x00000167a40f62d0 Uncommon trap: trap_request=0xffffffcc fr.pc=0x00000167b458568c relative=0x000000000000038c
Event: 0.629 Thread 0x00000167a40f62d0 Uncommon trap: reason=intrinsic_or_type_checked_inlining action=make_not_entrant pc=0x00000167b458568c method=java.util.Arrays.copyOf([Ljava/lang/Object;ILjava/lang/Class;)[Ljava/lang/Object; @ 35 c2
Event: 0.629 Thread 0x00000167a40f62d0 DEOPT PACKING pc=0x00000167b458568c sp=0x000000097e7fdc40
Event: 0.629 Thread 0x00000167a40f62d0 DEOPT UNPACKING pc=0x00000167b3edfc02 sp=0x000000097e7fdbe8 mode 2
Event: 0.678 Thread 0x00000167a40f62d0 Uncommon trap: trap_request=0xffffffde fr.pc=0x00000167b45997f8 relative=0x00000000000000f8
Event: 0.678 Thread 0x00000167a40f62d0 Uncommon trap: reason=class_check action=maybe_recompile pc=0x00000167b45997f8 method=jdk.internal.misc.Unsafe.allocateUninitializedArray(Ljava/lang/Class;I)Ljava/lang/Object; @ 51 c2
Event: 0.678 Thread 0x00000167a40f62d0 DEOPT PACKING pc=0x00000167b45997f8 sp=0x000000097e7fe870
Event: 0.678 Thread 0x00000167a40f62d0 DEOPT UNPACKING pc=0x00000167b3edfc02 sp=0x000000097e7fe7e8 mode 2
Event: 0.678 Thread 0x00000167a40f62d0 Uncommon trap: trap_request=0xffffffde fr.pc=0x00000167b45997f8 relative=0x00000000000000f8
Event: 0.678 Thread 0x00000167a40f62d0 Uncommon trap: reason=class_check action=maybe_recompile pc=0x00000167b45997f8 method=jdk.internal.misc.Unsafe.allocateUninitializedArray(Ljava/lang/Class;I)Ljava/lang/Object; @ 51 c2
Event: 0.678 Thread 0x00000167a40f62d0 DEOPT PACKING pc=0x00000167b45997f8 sp=0x000000097e7fe7e0
Event: 0.678 Thread 0x00000167a40f62d0 DEOPT UNPACKING pc=0x00000167b3edfc02 sp=0x000000097e7fe758 mode 2
Event: 0.678 Thread 0x00000167a40f62d0 Uncommon trap: trap_request=0xffffffde fr.pc=0x00000167b45997f8 relative=0x00000000000000f8
Event: 0.678 Thread 0x00000167a40f62d0 Uncommon trap: reason=class_check action=maybe_recompile pc=0x00000167b45997f8 method=jdk.internal.misc.Unsafe.allocateUninitializedArray(Ljava/lang/Class;I)Ljava/lang/Object; @ 51 c2
Event: 0.678 Thread 0x00000167a40f62d0 DEOPT PACKING pc=0x00000167b45997f8 sp=0x000000097e7fdf80
Event: 0.678 Thread 0x00000167a40f62d0 DEOPT UNPACKING pc=0x00000167b3edfc02 sp=0x000000097e7fdef8 mode 2
Event: 0.678 Thread 0x00000167a40f62d0 Uncommon trap: trap_request=0xffffffde fr.pc=0x00000167b45997f8 relative=0x00000000000000f8
Event: 0.678 Thread 0x00000167a40f62d0 Uncommon trap: reason=class_check action=maybe_recompile pc=0x00000167b45997f8 method=jdk.internal.misc.Unsafe.allocateUninitializedArray(Ljava/lang/Class;I)Ljava/lang/Object; @ 51 c2
Event: 0.678 Thread 0x00000167a40f62d0 DEOPT PACKING pc=0x00000167b45997f8 sp=0x000000097e7fdca0
Event: 0.678 Thread 0x00000167a40f62d0 DEOPT UNPACKING pc=0x00000167b3edfc02 sp=0x000000097e7fdc18 mode 2

Classes loaded (20 events):
Event: 0.413 Loading class java/lang/classfile/instruction/LoadInstruction
Event: 0.413 Loading class java/lang/classfile/Instruction
Event: 0.413 Loading class java/lang/classfile/Instruction done
Event: 0.413 Loading class java/lang/classfile/instruction/LoadInstruction done
Event: 0.413 Loading class jdk/internal/classfile/impl/AbstractInstruction$UnboundLoadInstruction
Event: 0.413 Loading class jdk/internal/classfile/impl/AbstractInstruction$UnboundInstruction
Event: 0.413 Loading class jdk/internal/classfile/impl/AbstractInstruction
Event: 0.413 Loading class jdk/internal/classfile/impl/AbstractInstruction done
Event: 0.413 Loading class jdk/internal/classfile/impl/AbstractInstruction$UnboundInstruction done
Event: 0.413 Loading class jdk/internal/classfile/impl/AbstractInstruction$UnboundLoadInstruction done
Event: 0.413 Loading class java/lang/classfile/instruction/InvokeInstruction
Event: 0.413 Loading class java/lang/classfile/instruction/InvokeInstruction done
Event: 0.413 Loading class jdk/internal/classfile/impl/AbstractInstruction$UnboundInvokeInstruction
Event: 0.413 Loading class jdk/internal/classfile/impl/AbstractInstruction$UnboundInvokeInstruction done
Event: 0.653 Loading class java/nio/DirectCharBufferU
Event: 0.653 Loading class java/nio/DirectCharBufferU done
Event: 0.734 Loading class jdk/internal/foreign/SegmentBulkOperations
Event: 0.734 Loading class jdk/internal/foreign/SegmentBulkOperations done
Event: 0.734 Loading class jdk/internal/util/Architecture
Event: 0.734 Loading class jdk/internal/util/Architecture done

Classes unloaded (0 events):
No events

Classes redefined (0 events):
No events

Internal exceptions (20 events):
Event: 0.647 Thread 0x00000167a40f62d0 Exception <a 'sun/nio/fs/WindowsException'{0x000000062024cf40}> (0x000000062024cf40) 
thrown [s\open\src\hotspot\share\prims\jni.cpp, line 516]
Event: 0.653 Thread 0x00000167a40f62d0 Exception <a 'sun/nio/fs/WindowsException'{0x0000000620258eb0}> (0x0000000620258eb0) 
thrown [s\open\src\hotspot\share\prims\jni.cpp, line 516]
Event: 0.653 Thread 0x00000167a40f62d0 Exception <a 'sun/nio/fs/WindowsException'{0x0000000620259180}> (0x0000000620259180) 
thrown [s\open\src\hotspot\share\prims\jni.cpp, line 516]
Event: 0.664 Thread 0x00000167a40f62d0 Exception <a 'java/lang/NoSuchMethodError'{0x00000006202dc148}: 'void java.lang.invoke.DirectMethodHandle$Holder.invokeStatic(java.lang.Object, java.lang.Object, java.lang.Object, int, long)'> (0x00000006202dc148) 
thrown [s\open\src\hotspot\share\interpreter\linkResolver.cpp, line 804]
Event: 0.664 Thread 0x00000167a40f62d0 Exception <a 'java/lang/NoSuchMethodError'{0x00000006202e42d8}: 'void java.lang.invoke.DirectMethodHandle$Holder.invokeStaticInit(java.lang.Object, java.lang.Object, java.lang.Object, int, long)'> (0x00000006202e42d8) 
thrown [s\open\src\hotspot\share\interpreter\linkResolver.cpp, line 804]
Event: 0.665 Thread 0x00000167a40f62d0 Exception <a 'java/lang/NoSuchMethodError'{0x00000006202f5198}: 'void java.lang.invoke.DelegatingMethodHandle$Holder.reinvoke_L(java.lang.Object, java.lang.Object, java.lang.Object, int, long)'> (0x00000006202f5198) 
thrown [s\open\src\hotspot\share\interpreter\linkResolver.cpp, line 804]
Event: 0.668 Thread 0x00000167a40f62d0 Exception <a 'java/lang/NoSuchMethodError'{0x000000062034b828}: 'long java.lang.invoke.DirectMethodHandle$Holder.invokeStaticInit(java.lang.Object, java.lang.Object, java.lang.Object, int, int)'> (0x000000062034b828) 
thrown [s\open\src\hotspot\share\interpreter\linkResolver.cpp, line 804]
Event: 0.669 Thread 0x00000167a40f62d0 Exception <a 'java/lang/NoSuchMethodError'{0x000000062035bc90}: 'long java.lang.invoke.DelegatingMethodHandle$Holder.reinvoke_L(java.lang.Object, java.lang.Object, java.lang.Object, int, int)'> (0x000000062035bc90) 
thrown [s\open\src\hotspot\share\interpreter\linkResolver.cpp, line 804]
Event: 0.669 Thread 0x00000167a40f62d0 Exception <a 'java/lang/NoSuchMethodError'{0x000000062037cc88}: 'long java.lang.invoke.DirectMethodHandle$Holder.invokeSpecial(java.lang.Object, java.lang.Object, java.lang.Object, int, int)'> (0x000000062037cc88) 
thrown [s\open\src\hotspot\share\interpreter\linkResolver.cpp, line 804]
Event: 0.671 Thread 0x00000167a40f62d0 Exception <a 'java/lang/NoSuchMethodError'{0x00000006203af770}: 'int java.lang.invoke.DirectMethodHandle$Holder.invokeStatic(java.lang.Object, java.lang.Object, java.lang.Object, long)'> (0x00000006203af770) 
thrown [s\open\src\hotspot\share\interpreter\linkResolver.cpp, line 804]
Event: 0.671 Thread 0x00000167a40f62d0 Exception <a 'java/lang/NoSuchMethodError'{0x00000006203bf8c8}: 'int java.lang.invoke.DelegatingMethodHandle$Holder.reinvoke_L(java.lang.Object, java.lang.Object, java.lang.Object, long)'> (0x00000006203bf8c8) 
thrown [s\open\src\hotspot\share\interpreter\linkResolver.cpp, line 804]
Event: 0.736 Thread 0x00000167a40f62d0 Exception <a 'java/lang/NoSuchMethodError'{0x000000061f97a628}: 'void java.lang.System.load(java.lang.String, java.lang.Class)'> (0x000000061f97a628) 
thrown [s\open\src\hotspot\share\interpreter\linkResolver.cpp, line 804]
Event: 0.737 Thread 0x00000167a40f62d0 Exception <a 'java/lang/NoSuchMethodError'{0x000000061f982408}: 'void java.lang.System.loadLibrary(java.lang.String, java.lang.Class)'> (0x000000061f982408) 
thrown [s\open\src\hotspot\share\interpreter\linkResolver.cpp, line 804]
Event: 0.742 Thread 0x00000167a40f62d0 Exception <a 'sun/nio/fs/WindowsException'{0x000000061f996848}> (0x000000061f996848) 
thrown [s\open\src\hotspot\share\prims\jni.cpp, line 516]
Event: 0.742 Thread 0x00000167a40f62d0 Exception <a 'sun/nio/fs/WindowsException'{0x000000061f996bc8}> (0x000000061f996bc8) 
thrown [s\open\src\hotspot\share\prims\jni.cpp, line 516]
Event: 0.758 Thread 0x00000167a40f62d0 Exception <a 'java/lang/NoSuchMethodError'{0x000000061fa56508}: 'int java.lang.invoke.DirectMethodHandle$Holder.invokeStaticInit(java.lang.Object, java.lang.Object, java.lang.Object, long)'> (0x000000061fa56508) 
thrown [s\open\src\hotspot\share\interpreter\linkResolver.cpp, line 804]
Event: 0.760 Thread 0x00000167a40f62d0 Exception <a 'java/lang/NoSuchMethodError'{0x000000061faa1520}: 'void java.lang.invoke.DirectMethodHandle$Holder.invokeStaticInit(java.lang.Object, java.lang.Object, java.lang.Object)'> (0x000000061faa1520) 
thrown [s\open\src\hotspot\share\interpreter\linkResolver.cpp, line 804]
Event: 0.761 Thread 0x00000167a40f62d0 Exception <a 'java/lang/NoSuchMethodError'{0x000000061fac1898}: 'void java.lang.invoke.Invokers$Holder.invokeExact_MT(java.lang.Object, java.lang.Object, java.lang.Object)'> (0x000000061fac1898) 
thrown [s\open\src\hotspot\share\interpreter\linkResolver.cpp, line 804]
Event: 0.761 Thread 0x00000167a40f62d0 Exception <a 'java/lang/NoSuchMethodError'{0x000000061faca000}: 'void java.lang.invoke.DirectMethodHandle$Holder.invokeSpecial(java.lang.Object, java.lang.Object, long)'> (0x000000061faca000) 
thrown [s\open\src\hotspot\share\interpreter\linkResolver.cpp, line 804]
Event: 0.761 Thread 0x00000167a40f62d0 Exception <a 'java/lang/NoSuchMethodError'{0x000000061fad1c18}: 'void java.lang.invoke.Invokers$Holder.invokeExact_MT(java.lang.Object, long, java.lang.Object)'> (0x000000061fad1c18) 
thrown [s\open\src\hotspot\share\interpreter\linkResolver.cpp, line 804]

VM Operations (10 events):
Event: 0.062 Executing non-safepoint VM operation: HandshakeAllThreads (Deoptimize)
Event: 0.062 Executing non-safepoint VM operation: HandshakeAllThreads (Deoptimize) done
Event: 0.244 Executing non-safepoint VM operation: HandshakeAllThreads (Deoptimize)
Event: 0.244 Executing non-safepoint VM operation: HandshakeAllThreads (Deoptimize) done
Event: 0.269 Executing non-safepoint VM operation: HandshakeAllThreads (Deoptimize)
Event: 0.269 Executing non-safepoint VM operation: HandshakeAllThreads (Deoptimize) done
Event: 0.271 Executing non-safepoint VM operation: HandshakeAllThreads (Deoptimize)
Event: 0.271 Executing non-safepoint VM operation: HandshakeAllThreads (Deoptimize) done
Event: 0.412 Executing non-safepoint VM operation: HandshakeAllThreads (Deoptimize)
Event: 0.412 Executing non-safepoint VM operation: HandshakeAllThreads (Deoptimize) done

Memory protections (0 events):
No events

Nmethod flushes (0 events):
No events

Events (19 events):
Event: 0.023 Thread 0x00000167a40f62d0 Thread added: 0x00000167a40f62d0
Event: 0.031 Thread 0x00000167a40f62d0 Thread added: 0x00000167c650bdf0
Event: 0.031 Thread 0x00000167a40f62d0 Thread added: 0x00000167c650c700
Event: 0.031 Thread 0x00000167a40f62d0 Thread added: 0x00000167c6511d80
Event: 0.031 Thread 0x00000167a40f62d0 Thread added: 0x00000167c6513df0
Event: 0.031 Thread 0x00000167a40f62d0 Thread added: 0x00000167c6519530
Event: 0.031 Thread 0x00000167a40f62d0 Thread added: 0x00000167c65221d0
Event: 0.031 Thread 0x00000167a40f62d0 Thread added: 0x00000167c65321a0
Event: 0.031 Thread 0x00000167a40f62d0 Thread added: 0x00000167c65349c0
Event: 0.049 Thread 0x00000167c65349c0 Thread added: 0x00000167c93a3160
Event: 0.064 Thread 0x00000167c93a3160 Thread added: 0x00000167c9482580
Event: 0.078 Thread 0x00000167a40f62d0 Thread added: 0x00000167c94d9500
Event: 0.096 Thread 0x00000167c93a3160 Thread added: 0x00000167c95226c0
Event: 0.111 Thread 0x00000167a40f62d0 Thread added: 0x00000167c96fe0c0
Event: 0.112 Thread 0x00000167a40f62d0 Thread added: 0x00000167c96d00a0
Event: 0.183 Thread 0x00000167c93a3160 Thread added: 0x00000167c9973c90
Event: 0.374 Thread 0x00000167c95226c0 Thread added: 0x00000167ce1af7a0
Event: 0.381 Thread 0x00000167c65349c0 Thread added: 0x00000167ce19eb70
Event: 0.631 Thread 0x00000167ce19eb70 Thread exited: 0x00000167ce19eb70


Dynamic libraries:
0x00007ff7af170000 - 0x00007ff7af180000 	C:\Program Files\Java\jdk-25\bin\java.exe
0x00007ffd72760000 - 0x00007ffd729c7000 	C:\WINDOWS\SYSTEM32\ntdll.dll
0x00007ffd72480000 - 0x00007ffd72549000 	C:\WINDOWS\System32\KERNEL32.DLL
0x00007ffd6f310000 - 0x00007ffd6f701000 	C:\WINDOWS\System32\KERNELBASE.dll
0x00007ffd70300000 - 0x00007ffd7044b000 	C:\WINDOWS\System32\ucrtbase.dll
0x00007ffd55e50000 - 0x00007ffd55e67000 	C:\Program Files\Java\jdk-25\bin\jli.dll
0x00007ffd53b30000 - 0x00007ffd53b4e000 	C:\Program Files\Java\jdk-25\bin\VCRUNTIME140.dll
0x00007ffd717d0000 - 0x00007ffd71995000 	C:\WINDOWS\System32\USER32.dll
0x00007ffd6f2e0000 - 0x00007ffd6f307000 	C:\WINDOWS\System32\win32u.dll
0x00007ffd552d0000 - 0x00007ffd55563000 	C:\WINDOWS\WinSxS\amd64_microsoft.windows.common-controls_6595b64144ccf1df_6.0.26100.8037_none_3e092faae333b53b\COMCTL32.dll
0x00007ffd72550000 - 0x00007ffd7257b000 	C:\WINDOWS\System32\GDI32.dll
0x00007ffd709e0000 - 0x00007ffd70a89000 	C:\WINDOWS\System32\msvcrt.dll
0x00007ffd6f1b0000 - 0x00007ffd6f2db000 	C:\WINDOWS\System32\gdi32full.dll
0x00007ffd6f860000 - 0x00007ffd6f903000 	C:\WINDOWS\System32\msvcp_win.dll
0x00007ffd71740000 - 0x00007ffd71771000 	C:\WINDOWS\System32\IMM32.DLL
0x00007ffd55e40000 - 0x00007ffd55e4c000 	C:\Program Files\Java\jdk-25\bin\vcruntime140_1.dll
0x00007ffd3f970000 - 0x00007ffd3f9fd000 	C:\Program Files\Java\jdk-25\bin\msvcp140.dll
0x00007ffcddeb0000 - 0x00007ffcded0f000 	C:\Program Files\Java\jdk-25\bin\server\jvm.dll
0x00007ffd70f00000 - 0x00007ffd70fbb000 	C:\WINDOWS\System32\ADVAPI32.dll
0x00007ffd71b70000 - 0x00007ffd71c17000 	C:\WINDOWS\System32\sechost.dll
0x00007ffd72600000 - 0x00007ffd72718000 	C:\WINDOWS\System32\RPCRT4.dll
0x00007ffd72580000 - 0x00007ffd725f4000 	C:\WINDOWS\System32\WS2_32.dll
0x00007ffd6eea0000 - 0x00007ffd6eefe000 	C:\WINDOWS\SYSTEM32\POWRPROF.dll
0x00007ffd68ec0000 - 0x00007ffd68ecb000 	C:\WINDOWS\SYSTEM32\VERSION.dll
0x00007ffd612d0000 - 0x00007ffd61305000 	C:\WINDOWS\SYSTEM32\WINMM.dll
0x00007ffd6ee80000 - 0x00007ffd6ee94000 	C:\WINDOWS\SYSTEM32\UMPDC.dll
0x00007ffd6ddd0000 - 0x00007ffd6ddeb000 	C:\WINDOWS\SYSTEM32\kernel.appcore.dll
0x00007ffd533d0000 - 0x00007ffd533da000 	C:\Program Files\Java\jdk-25\bin\jimage.dll
0x00007ffd5e6d0000 - 0x00007ffd5e912000 	C:\WINDOWS\SYSTEM32\DBGHELP.DLL
0x00007ffd710c0000 - 0x00007ffd71442000 	C:\WINDOWS\System32\combase.dll
0x00007ffd70e10000 - 0x00007ffd70ee7000 	C:\WINDOWS\System32\OLEAUT32.dll
0x00007ffd54a50000 - 0x00007ffd54a8b000 	C:\WINDOWS\SYSTEM32\dbgcore.DLL
0x00007ffd70450000 - 0x00007ffd704f5000 	C:\WINDOWS\System32\bcryptPrimitives.dll
0x00007ffd4d520000 - 0x00007ffd4d530000 	C:\Program Files\Java\jdk-25\bin\instrument.dll
0x00007ffd4d500000 - 0x00007ffd4d51f000 	C:\Program Files\Java\jdk-25\bin\java.dll
0x00007ffd70b20000 - 0x00007ffd70cb5000 	C:\WINDOWS\System32\ole32.dll
0x00007ffd71d10000 - 0x00007ffd7246f000 	C:\WINDOWS\System32\SHELL32.dll
0x00007ffd6f040000 - 0x00007ffd6f1aa000 	C:\WINDOWS\System32\wintypes.dll
0x00007ffd6fa90000 - 0x00007ffd702f4000 	C:\WINDOWS\System32\windows.storage.dll
0x00007ffd70fc0000 - 0x00007ffd710b7000 	C:\WINDOWS\System32\SHCORE.dll
0x00007ffd719a0000 - 0x00007ffd71a07000 	C:\WINDOWS\System32\shlwapi.dll
0x00007ffd6ef60000 - 0x00007ffd6ef89000 	C:\WINDOWS\SYSTEM32\profapi.dll
0x00007ffd43d90000 - 0x00007ffd43da7000 	C:\Program Files\Java\jdk-25\bin\zip.dll
0x00007ffd4c3a0000 - 0x00007ffd4c3b2000 	C:\Program Files\Java\jdk-25\bin\net.dll
0x00007ffd6e340000 - 0x00007ffd6e3ab000 	C:\WINDOWS\system32\mswsock.dll
0x00007ffd47840000 - 0x00007ffd47856000 	C:\Program Files\Java\jdk-25\bin\nio.dll
0x00007ffd4d4f0000 - 0x00007ffd4d4f9000 	C:\Program Files\Java\jdk-25\bin\extnet.dll
0x00007ffd2c180000 - 0x00007ffd2c204000 	C:\Users\gotte\AppData\Local\Temp\lwjgl_gotte\3.4.1+2\x64\lwjgl.dll
0x00007ffd2c0f0000 - 0x00007ffd2c17a000 	C:\Users\gotte\AppData\Local\Temp\lwjgl_gotte\3.4.1+2\x64\glfw.dll
0x00007ffd28200000 - 0x00007ffd2824b000 	C:\WINDOWS\SYSTEM32\dinput8.dll
0x00007ffd3b630000 - 0x00007ffd3b64e000 	C:\WINDOWS\SYSTEM32\xinput1_4.dll
0x00007ffd6eb80000 - 0x00007ffd6ebd7000 	C:\WINDOWS\SYSTEM32\cfgmgr32.dll
0x00007ffd6ebe0000 - 0x00007ffd6ec0d000 	C:\WINDOWS\SYSTEM32\DEVOBJ.dll
0x00007ffd6cec0000 - 0x00007ffd6ceee000 	C:\WINDOWS\SYSTEM32\dwmapi.dll
0x00007ffd42d00000 - 0x00007ffd42ee3000 	C:\WINDOWS\SYSTEM32\inputhost.dll
0x00007ffd6c4c0000 - 0x00007ffd6c5e7000 	C:\WINDOWS\SYSTEM32\CoreMessaging.dll
0x00007ffd6cb00000 - 0x00007ffd6cbaa000 	C:\WINDOWS\system32\uxtheme.dll
0x00007ffd71a10000 - 0x00007ffd71b6d000 	C:\WINDOWS\System32\MSCTF.dll
0x00007ffd6e640000 - 0x00007ffd6e64c000 	C:\WINDOWS\SYSTEM32\CRYPTBASE.DLL
0x00007ffce1670000 - 0x00007ffce177e000 	C:\WINDOWS\SYSTEM32\opengl32.dll
0x00007ffd38930000 - 0x00007ffd3895d000 	C:\WINDOWS\SYSTEM32\GLU32.dll
0x00007ffd6cc00000 - 0x00007ffd6cc43000 	C:\WINDOWS\SYSTEM32\dxcore.dll
0x00007ffd608c0000 - 0x00007ffd608da000 	C:\WINDOWS\SYSTEM32\windows.staterepositorycore.dll
0x00007ffcd2730000 - 0x00007ffcd53df000 	C:\WINDOWS\System32\DriverStore\FileRepository\nv_dispi.inf_amd64_4bf4c17fa8a478b5\nvoglv64.dll
0x00007ffd70500000 - 0x00007ffd70987000 	C:\WINDOWS\System32\SETUPAPI.dll
0x00007ffd6c960000 - 0x00007ffd6c989000 	C:\WINDOWS\SYSTEM32\WTSAPI32.dll
0x00007ffd6f910000 - 0x00007ffd6fa87000 	C:\WINDOWS\System32\CRYPT32.dll
0x00007ffd6e070000 - 0x00007ffd6e0b9000 	C:\WINDOWS\SYSTEM32\SspiCli.dll
0x00007ffd6e750000 - 0x00007ffd6e763000 	C:\WINDOWS\SYSTEM32\msasn1.dll
0x00007ffd68dc0000 - 0x00007ffd68dfb000 	C:\WINDOWS\SYSTEM32\cryptnet.dll
0x00007ffd6e6e0000 - 0x00007ffd6e748000 	C:\WINDOWS\SYSTEM32\wldp.dll
0x00007ffd68c40000 - 0x00007ffd68db8000 	C:\WINDOWS\SYSTEM32\drvstore.dll
0x00007ffd6f710000 - 0x00007ffd6f791000 	C:\WINDOWS\System32\WINTRUST.dll
0x00007ffd6def0000 - 0x00007ffd6df26000 	C:\WINDOWS\SYSTEM32\ntmarta.dll
0x00007ffd709b0000 - 0x00007ffd709d0000 	C:\WINDOWS\System32\imagehlp.dll
0x00007ffd6e620000 - 0x00007ffd6e63b000 	C:\WINDOWS\System32\CRYPTSP.dll
0x00007ffd6dd30000 - 0x00007ffd6dd69000 	C:\WINDOWS\system32\rsaenh.dll
0x00007ffd6ef30000 - 0x00007ffd6ef5a000 	C:\WINDOWS\System32\bcrypt.dll
0x00007ffd635a0000 - 0x00007ffd684f7000 	C:\WINDOWS\System32\DriverStore\FileRepository\nv_dispi.inf_amd64_4bf4c17fa8a478b5\nvgpucomp64.dll
0x00007ffcf6ec0000 - 0x00007ffcf7007000 	C:\WINDOWS\system32\nvspcap64.dll
0x00007ffd6ec40000 - 0x00007ffd6eca3000 	C:\WINDOWS\SYSTEM32\WINSTA.dll
0x00007ffd3d870000 - 0x00007ffd3d9b8000 	C:\WINDOWS\SYSTEM32\textinputframework.dll
0x00007ffd695f0000 - 0x00007ffd698d2000 	C:\WINDOWS\SYSTEM32\CoreUIComponents.dll
0x00007ffd281a0000 - 0x00007ffd281fc000 	C:\Users\gotte\AppData\Local\Temp\lwjgl_gotte\3.4.1+2\x64\lwjgl_opengl.dll
0x00007ffd28100000 - 0x00007ffd2819a000 	C:\Users\gotte\AppData\Local\Temp\lwjgl_gotte\3.4.1+2\x64\lwjgl_stb.dll

JVMTI agents:
C:\Program Files\JetBrains\IntelliJ IDEA 2025.3\lib\idea_rt.jar path:C:\Program Files\Java\jdk-25\bin\instrument.dll, loaded, initialized, instrumentlib options:62552

dbghelp: loaded successfully - version: 4.0.5 - missing functions: none
symbol engine: initialized successfully - sym options: 0x614 - pdb path: .;C:\Program Files\Java\jdk-25\bin;C:\WINDOWS\SYSTEM32;C:\WINDOWS\WinSxS\amd64_microsoft.windows.common-controls_6595b64144ccf1df_6.0.26100.8037_none_3e092faae333b53b;C:\Program Files\Java\jdk-25\bin\server;C:\Users\gotte\AppData\Local\Temp\lwjgl_gotte\3.4.1+2\x64;C:\WINDOWS\System32\DriverStore\FileRepository\nv_dispi.inf_amd64_4bf4c17fa8a478b5

VM Arguments:
jvm_args: -javaagent:C:\Program Files\JetBrains\IntelliJ IDEA 2025.3\lib\idea_rt.jar=62552 -Dfile.encoding=UTF-8 -Dsun.stdout.encoding=UTF-8 -Dsun.stderr.encoding=UTF-8 
java_command: Main
java_class_path (initial): C:\Users\gotte\OneDrive\Desktop\Coding\Game Development\LWJGLDemo\out\production\LWJGLDemo;C:\Users\gotte\OneDrive\Desktop\Coding\Game Development\LWJGLDemo\lwjgl-release-3.4.1-custom\lwjgl.jar;C:\Users\gotte\OneDrive\Desktop\Coding\Game Development\LWJGLDemo\lwjgl-release-3.4.1-custom\lwjgl-assimp.jar;C:\Users\gotte\OneDrive\Desktop\Coding\Game Development\LWJGLDemo\lwjgl-release-3.4.1-custom\lwjgl-assimp-natives-windows.jar;C:\Users\gotte\OneDrive\Desktop\Coding\Game Development\LWJGLDemo\lwjgl-release-3.4.1-custom\lwjgl-glfw.jar;C:\Users\gotte\OneDrive\Desktop\Coding\Game Development\LWJGLDemo\lwjgl-release-3.4.1-custom\lwjgl-glfw-natives-windows.jar;C:\Users\gotte\OneDrive\Desktop\Coding\Game Development\LWJGLDemo\lwjgl-release-3.4.1-custom\lwjgl-nanovg.jar;C:\Users\gotte\OneDrive\Desktop\Coding\Game Development\LWJGLDemo\lwjgl-release-3.4.1-custom\lwjgl-nanovg-natives-windows.jar;C:\Users\gotte\OneDrive\Desktop\Coding\Game Development\LWJGLDemo\lwjgl-release-3.4.1-custom\lwjgl-natives-windows.jar;C:\Users\gotte\OneDrive\Desktop\Coding\Game Development\LWJGLDemo\lwjgl-release-3.4.1-custom\lwjgl-nuklear.jar;C:\Users\gotte\OneDrive\Desktop\Coding\Game Development\LWJGLDemo\lwjgl-release-3.4.1-custom\lwjgl-nuklear-natives-windows.jar;C:\Users\gotte\OneDrive\Desktop\Coding\Game Development\LWJGLDemo\lwjgl-release-3.4.1-custom\lwjgl-openal.jar;C:\Users\gotte\OneDrive\Desktop\Coding\Game Development\LWJGLDemo\lwjgl-release-3.4.1-custom\lwjgl-openal-natives-windows.jar;C:\Users\gotte\OneDrive\Desktop\Coding\Game Development\LWJGLDemo\lwjgl-release-3.4.1-custom\lwjgl-opengl.jar;C:\Users\gotte\OneDrive\Desktop\Coding\Game Development\LWJGLDemo\lwjgl-release-3.4.1-custom\lwjgl-opengl-natives-windows.jar;C:\Users\gotte\OneDrive\Desktop\Coding\Game Development\LWJGLDemo\lwjgl-release-3.4.1-custom\lwjgl-par.jar;C:\Users\gotte\OneDrive\Desktop\Coding\Game Development\LWJGLDemo\lwjgl-release-3.4.1-custom\lwjgl-par-natives-windows.jar;C:\Users\gotte\OneDrive\Desktop\Coding\Game Development\LWJGLDemo\lwjgl-release-3.4.1-custom\lwjgl-stb.jar;C:\Users\gotte\OneDrive\Desktop\Coding\Game Development\LWJGLDemo\lwjgl-release-3.4.1-custom\lwjgl-stb-natives-windows.jar;C:\Users\gotte\OneDrive\Desktop\Coding\Game Development\LWJGLDemo\lwjgl-release-3.4.1-custom\lwjgl-unsafe.jar;C:\Users\gotte\OneDrive\Desktop\Coding\Game Development\LWJGLDemo\lwjgl-release-3.4.1-custom\lwjgl-vulkan.jar
Launcher Type: SUN_STANDARD

[Global flags]
     intx CICompilerCount                          = 12                                        {product} {ergonomic}
     uint ConcGCThreads                            = 3                                         {product} {ergonomic}
     uint G1ConcRefinementThreads                  = 13                                        {product} {ergonomic}
   size_t G1HeapRegionSize                         = 4194304                                   {product} {ergonomic}
   size_t InitialHeapSize                          = 536870912                                 {product} {ergonomic}
   size_t MarkStackSize                            = 4194304                                   {product} {ergonomic}
   size_t MarkStackSizeMax                         = 536870912                                 {product} {ergonomic}
   size_t MaxHeapSize                              = 8556380160                                {product} {ergonomic}
   size_t MaxNewSize                               = 5133828096                                {product} {ergonomic}
   size_t MinHeapDeltaBytes                        = 4194304                                   {product} {ergonomic}
   size_t MinHeapSize                              = 8388608                                   {product} {ergonomic}
    uintx NonNMethodCodeHeapSize                   = 7602176                                {pd product} {ergonomic}
    uintx NonProfiledCodeHeapSize                  = 122093568                              {pd product} {ergonomic}
    uintx ProfiledCodeHeapSize                     = 121962496                              {pd product} {ergonomic}
    uintx ReservedCodeCacheSize                    = 251658240                              {pd product} {ergonomic}
     bool SegmentedCodeCache                       = true                                      {product} {ergonomic}
   size_t SoftMaxHeapSize                          = 8556380160                             {manageable} {ergonomic}
     bool UseCompressedOops                        = true                           {product lp64_product} {ergonomic}
     bool UseG1GC                                  = true                                      {product} {ergonomic}
     bool UseLargePagesIndividualAllocation        = false                                  {pd product} {ergonomic}

Logging:
Log output configuration:
 #0: stdout all=warning uptime,level,tags foldmultilines=false
 #1: stderr all=off uptime,level,tags foldmultilines=false

Release file:
IMPLEMENTOR="Oracle Corporation" 
JAVA_RUNTIME_VERSION="25.0.1+8-LTS-27" 
JAVA_VERSION="25.0.1" 
JAVA_VERSION_DATE="2025-10-21" 
LIBC="default" 
MODULES="java.base java.compiler java.datatransfer java.xml java.prefs java.desktop java.instrument java.logging java.management java.security.sasl java.naming java.rmi java.management.rmi java.net.http java.scripting java.security.jgss java.transaction.xa java.sql java.sql.rowset java.xml.crypto java.se java.smartcardio jdk.accessibility jdk.internal.jvmstat jdk.attach jdk.charsets jdk.internal.opt jdk.zipfs jdk.compiler jdk.crypto.cryptoki jdk.crypto.ec jdk.crypto.mscapi jdk.dynalink jdk.internal.ed jdk.editpad jdk.internal.vm.ci jdk.graal.compiler jdk.graal.compiler.management jdk.hotspot.agent jdk.httpserver jdk.incubator.vector jdk.internal.le jdk.internal.md jdk.jartool jdk.javadoc jdk.jcmd jdk.management jdk.management.agent jdk.jconsole jdk.jdeps jdk.jdwp.agent jdk.jdi jdk.jfr jdk.jlink jdk.jpackage jdk.jshell jdk.jsobject jdk.jstatd jdk.localedata jdk.management.jfr jdk.naming.dns jdk.naming.rmi jdk.net jdk.nio.mapmode jdk.sctp jdk.security.auth jdk.security.jgss jdk.unsupported jdk.unsupported.desktop jdk.xml.dom" 
OS_ARCH="x86_64" 
OS_NAME="Windows" 
SOURCE=".:git:862c85bc42b7 open:git:78770bfaefd2" 

Environment Variables:
JAVA_HOME=C:\Program Files\Java\jdk-25
PATH=C:\Program Files\Common Files\Oracle\Java\javapath;C:\Program Files (x86)\Common Files\Oracle\Java\java8path;C:\Program Files (x86)\Common Files\Oracle\Java\javapath;C:\Program Files\Microsoft\jdk-17.0.16.8-hotspot\bin;C:\Python313\Scripts\;C:\Python313\;C:\Python312\Scripts\;C:\Python312\;C:\Program Files\Amazon Corretto\jdk21.0.1_12\bin;C:\Program Files (x86)\Razer Chroma SDK\bin;C:\Program Files\Razer Chroma SDK\bin;C:\Program Files (x86)\Razer\ChromaBroadcast\bin;C:\Program Files\Razer\ChromaBroadcast\bin;C:\WINDOWS\system32;C:\WINDOWS;C:\WINDOWS\System32\Wbem;C:\WINDOWS\System32\WindowsPowerShell\v1.0\;C:\WINDOWS\System32\OpenSSH\;C:\Users\gotte\AppData\Local\Microsoft\WindowsApps;C:\WINDOWS\system32\config\systemprofile\AppData\Local\Microsoft\WindowsApps;C:\Program Files\dotnet\;C:\ProgramData\chocolatey\bin;C:\Program Files (x86)\NVIDIA Corporation\PhysX\Common;C:\Program Files\NVIDIA Corporation\NVIDIA app\NvDLISR;C:\WINDOWS\system32;C:\WINDOWS;C:\WINDOWS\System32\Wbem;C:\WINDOWS\System32\WindowsPowerShell\v1.0\;C:\WINDOWS\System32\OpenSSH\;C:\Program Files\Microsoft SQL Server\150\Tools\Binn\;C:\Program Files\Microsoft SQL Server\Client SDK\ODBC\170\Tools\Binn\;C:\Program Files\Git\cmd;C:\Program Files\CMake\bin;C:\Ninja;C:\Program Files\nodejs\;C:\AndroidSDK\platform-tools;C:\Users\gotte\scoop\shims;C:\Program Files\MySQL\MySQL Shell 8.0\bin\;C:\Users\gotte\AppData\Local\Microsoft\WindowsApps;C:\Users\gotte\AppData\Local\Programs\Microsoft VS Code\bin;C:\Users\gotte\.dotnet\tools;C:\Users\gotte\AppData\Local\Programs\mongosh\;C:\msys64\mingw32\bin;C:\mingw_dev_lib;C:\Users\gotte\AppData\Roaming\npm;;C:\Program Files\Java\jdk-25\bin;C:\Program Files\JetBrains\IntelliJ IDEA 2025.3\bin
USERNAME=gotte
OS=Windows_NT
PROCESSOR_IDENTIFIER=AMD64 Family 25 Model 80 Stepping 0, AuthenticAMD
TMP=C:\Users\gotte\AppData\Local\Temp
TEMP=C:\Users\gotte\AppData\Local\Temp




Compilation memory statistics disabled.

Periodic native trim disabled

---------------  S Y S T E M  ---------------

OS:
 Windows 11 , 64 bit Build 26100 (10.0.26100.7920)
OS uptime: 0 days 0:03 hours

CPU: total 16 (initial active 16) (16 cores per cpu, 2 threads per core) family 25 model 80 stepping 0 microcode 0xa50000c, cx8, cmov, fxsr, ht, mmx, 3dnowpref, sse, sse2, sse3, ssse3, sse4a, sse4.1, sse4.2, popcnt, lzcnt, tsc, tscinvbit, avx, avx2, aes, erms, clmul, bmi1, bmi2, adx, sha, fma, vzeroupper, clflush, clflushopt, clwb, rdtscp, rdpid, fsrm, f16c, pku, cet_ss
Processor Information for the first 16 processors :
  Max Mhz: 3801, Current Mhz: 3801, Mhz Limit: 3801

Memory: 4k page, system-wide physical 32639M (23251M free)
TotalPageFile size 34687M (AvailPageFile size 23779M)
current process WorkingSet (physical memory assigned to process): 155M, peak: 155M
current process commit charge ("private bytes"): 690M, peak: 690M

vm_info: Java HotSpot(TM) 64-Bit Server VM (25.0.1+8-LTS-27) for windows-amd64 JRE (25.0.1+8-LTS-27), built on 2025-09-25T16:41:16Z with unknown MS VC++:1943

END.
